mode: set
github.com/kyma-project/kyma/components/function-controller/internal/config/file.go:27.40,32.16 4 1
github.com/kyma-project/kyma/components/function-controller/internal/config/file.go:32.16,34.3 1 0
github.com/kyma-project/kyma/components/function-controller/internal/config/file.go:36.2,37.17 2 1
github.com/kyma-project/kyma/components/function-controller/internal/config/file.go:41.107,44.6 2 1
github.com/kyma-project/kyma/components/function-controller/internal/config/file.go:44.6,49.53 3 1
github.com/kyma-project/kyma/components/function-controller/internal/config/file.go:49.53,52.4 2 1
github.com/kyma-project/kyma/components/function-controller/internal/config/file.go:53.3,53.17 1 1
github.com/kyma-project/kyma/components/function-controller/internal/config/file.go:53.17,55.4 1 0
github.com/kyma-project/kyma/components/function-controller/internal/config/file.go:59.123,61.16 2 1
github.com/kyma-project/kyma/components/function-controller/internal/config/file.go:61.16,63.3 1 1
github.com/kyma-project/kyma/components/function-controller/internal/config/file.go:65.2,68.16 3 1
github.com/kyma-project/kyma/components/function-controller/internal/config/file.go:68.16,70.3 1 0
github.com/kyma-project/kyma/components/function-controller/internal/config/file.go:72.2,75.12 3 1
github.com/kyma-project/kyma/components/function-controller/internal/config/file.go:78.53,79.23 1 1
github.com/kyma-project/kyma/components/function-controller/internal/config/file.go:79.23,82.3 2 1
github.com/kyma-project/kyma/components/function-controller/internal/controllers/serverless/metrics/function_metrics.go:29.62,72.2 5 1
github.com/kyma-project/kyma/components/function-controller/internal/controllers/serverless/metrics/function_metrics.go:74.47,79.2 1 0
github.com/kyma-project/kyma/components/function-controller/internal/controllers/serverless/metrics/function_metrics.go:81.124,82.48 1 1
github.com/kyma-project/kyma/components/function-controller/internal/controllers/serverless/metrics/function_metrics.go:82.48,84.3 1 0
github.com/kyma-project/kyma/components/function-controller/internal/controllers/serverless/metrics/function_metrics.go:88.2,88.22 1 1
github.com/kyma-project/kyma/components/function-controller/internal/controllers/serverless/metrics/function_metrics.go:88.22,90.3 1 1
github.com/kyma-project/kyma/components/function-controller/internal/controllers/serverless/metrics/function_metrics.go:91.2,92.34 2 1
github.com/kyma-project/kyma/components/function-controller/internal/controllers/serverless/metrics/function_metrics.go:92.34,94.3 1 0
github.com/kyma-project/kyma/components/function-controller/internal/controllers/serverless/metrics/function_metrics.go:98.2,98.104 1 1
github.com/kyma-project/kyma/components/function-controller/internal/controllers/serverless/metrics/function_metrics.go:98.104,100.3 1 1
github.com/kyma-project/kyma/components/function-controller/internal/controllers/serverless/metrics/function_metrics.go:102.2,104.37 3 1
github.com/kyma-project/kyma/components/function-controller/internal/controllers/serverless/metrics/function_metrics.go:107.120,109.2 1 1
github.com/kyma-project/kyma/components/function-controller/internal/controllers/serverless/metrics/function_metrics.go:111.99,114.50 2 1
github.com/kyma-project/kyma/components/function-controller/internal/controllers/serverless/metrics/function_metrics.go:114.50,116.3 1 1
github.com/kyma-project/kyma/components/function-controller/internal/controllers/serverless/metrics/function_metrics.go:118.2,123.3 1 1
github.com/kyma-project/kyma/components/function-controller/internal/docker/registry.go:30.90,38.4 3 1
github.com/kyma-project/kyma/components/function-controller/internal/docker/registry.go:38.4,39.55 1 1
github.com/kyma-project/kyma/components/function-controller/internal/docker/registry.go:39.55,41.4 1 1
github.com/kyma-project/kyma/components/function-controller/internal/docker/registry.go:44.2,44.46 1 1
github.com/kyma-project/kyma/components/function-controller/internal/docker/registry.go:44.46,46.3 1 1
github.com/kyma-project/kyma/components/function-controller/internal/docker/registry.go:47.2,47.27 1 1
github.com/kyma-project/kyma/components/function-controller/internal/docker/registry.go:50.71,54.2 1 1
github.com/kyma-project/kyma/components/function-controller/internal/docker/registry.go:56.64,58.16 2 1
github.com/kyma-project/kyma/components/function-controller/internal/docker/registry.go:58.16,60.3 1 1
github.com/kyma-project/kyma/components/function-controller/internal/docker/registry.go:61.2,67.30 2 1
github.com/kyma-project/kyma/components/function-controller/internal/docker/registry.go:71.78,78.12 4 1
github.com/kyma-project/kyma/components/function-controller/internal/docker/registry.go:78.12,80.3 1 1
github.com/kyma-project/kyma/components/function-controller/internal/docker/registry.go:82.2,83.12 2 1
github.com/kyma-project/kyma/components/function-controller/internal/docker/registry.go:83.12,85.3 1 1
github.com/kyma-project/kyma/components/function-controller/internal/docker/registry.go:87.2,88.12 2 1
github.com/kyma-project/kyma/components/function-controller/internal/docker/registry.go:88.12,90.3 1 1
github.com/kyma-project/kyma/components/function-controller/internal/docker/registry.go:92.2,92.21 1 1
github.com/kyma-project/kyma/components/function-controller/internal/controllers/serverless/runtime/nodejs.go:11.66,13.43 2 1
github.com/kyma-project/kyma/components/function-controller/internal/controllers/serverless/runtime/nodejs.go:13.43,15.3 1 1
github.com/kyma-project/kyma/components/function-controller/internal/controllers/serverless/runtime/nodejs.go:17.2,17.15 1 1
github.com/kyma-project/kyma/components/function-controller/internal/controllers/serverless/runtime/python.go:7.66,9.2 1 0
github.com/kyma-project/kyma/components/function-controller/internal/controllers/serverless/runtime/runtime.go:22.66,33.2 4 1
github.com/kyma-project/kyma/components/function-controller/internal/controllers/serverless/runtime/runtime.go:35.76,36.17 1 1
github.com/kyma-project/kyma/components/function-controller/internal/controllers/serverless/runtime/runtime.go:37.35,43.9 2 1
github.com/kyma-project/kyma/components/function-controller/internal/controllers/serverless/runtime/runtime.go:47.78,48.17 1 1
github.com/kyma-project/kyma/components/function-controller/internal/controllers/serverless/runtime/runtime.go:49.64,52.9 3 1
github.com/kyma-project/kyma/components/function-controller/internal/controllers/serverless/runtime/runtime.go:53.35,56.9 3 1
github.com/kyma-project/kyma/components/function-controller/internal/controllers/serverless/runtime/runtime.go:60.55,61.11 1 1
github.com/kyma-project/kyma/components/function-controller/internal/controllers/serverless/runtime/runtime.go:62.35,63.18 1 0
github.com/kyma-project/kyma/components/function-controller/internal/controllers/serverless/runtime/runtime.go:64.10,65.18 1 1
github.com/kyma-project/kyma/components/function-controller/internal/file/notify.go:10.65,12.16 2 1
github.com/kyma-project/kyma/components/function-controller/internal/file/notify.go:12.16,14.3 1 0
github.com/kyma-project/kyma/components/function-controller/internal/file/notify.go:15.2,17.41 2 1
github.com/kyma-project/kyma/components/function-controller/internal/file/notify.go:17.41,19.3 1 1
github.com/kyma-project/kyma/components/function-controller/internal/file/notify.go:21.2,21.41 1 1
github.com/kyma-project/kyma/components/function-controller/internal/file/notify.go:24.79,25.9 1 1
github.com/kyma-project/kyma/components/function-controller/internal/file/notify.go:26.20,27.26 1 1
github.com/kyma-project/kyma/components/function-controller/internal/file/notify.go:28.24,29.13 1 1
github.com/kyma-project/kyma/components/function-controller/internal/file/notify.go:30.40,31.22 1 0
github.com/kyma-project/kyma/components/function-controller/internal/registry/nested_set.go:5.31,7.2 1 1
github.com/kyma-project/kyma/components/function-controller/internal/registry/nested_set.go:9.55,10.26 1 1
github.com/kyma-project/kyma/components/function-controller/internal/registry/nested_set.go:10.26,12.3 1 1
github.com/kyma-project/kyma/components/function-controller/internal/registry/nested_set.go:13.2,13.28 1 1
github.com/kyma-project/kyma/components/function-controller/internal/registry/nested_set.go:16.60,18.13 2 1
github.com/kyma-project/kyma/components/function-controller/internal/registry/nested_set.go:18.13,20.3 1 1
github.com/kyma-project/kyma/components/function-controller/internal/registry/nested_set.go:21.2,22.17 2 1
github.com/kyma-project/kyma/components/function-controller/internal/registry/nested_set.go:25.44,28.2 2 0
github.com/kyma-project/kyma/components/function-controller/internal/registry/nested_set.go:30.40,32.19 2 1
github.com/kyma-project/kyma/components/function-controller/internal/registry/nested_set.go:32.19,34.3 1 1
github.com/kyma-project/kyma/components/function-controller/internal/registry/nested_set.go:35.2,35.13 1 1
github.com/kyma-project/kyma/components/function-controller/internal/registry/nested_set.go:38.59,40.13 2 0
github.com/kyma-project/kyma/components/function-controller/internal/registry/nested_set.go:40.13,42.3 1 0
github.com/kyma-project/kyma/components/function-controller/internal/registry/nested_set.go:43.2,43.15 1 0
github.com/kyma-project/kyma/components/function-controller/internal/registry/registry.go:52.113,54.16 2 0
github.com/kyma-project/kyma/components/function-controller/internal/registry/registry.go:54.16,56.3 1 0
github.com/kyma-project/kyma/components/function-controller/internal/registry/registry.go:57.2,58.16 2 0
github.com/kyma-project/kyma/components/function-controller/internal/registry/registry.go:58.16,60.3 1 0
github.com/kyma-project/kyma/components/function-controller/internal/registry/registry.go:62.2,63.16 2 0
github.com/kyma-project/kyma/components/function-controller/internal/registry/registry.go:63.16,65.3 1 0
github.com/kyma-project/kyma/components/function-controller/internal/registry/registry.go:66.2,66.16 1 0
github.com/kyma-project/kyma/components/function-controller/internal/registry/registry.go:69.119,70.48 1 1
github.com/kyma-project/kyma/components/function-controller/internal/registry/registry.go:70.48,72.3 1 1
github.com/kyma-project/kyma/components/function-controller/internal/registry/registry.go:75.2,76.40 2 1
github.com/kyma-project/kyma/components/function-controller/internal/registry/registry.go:76.40,78.3 1 1
github.com/kyma-project/kyma/components/function-controller/internal/registry/registry.go:79.2,80.16 2 1
github.com/kyma-project/kyma/components/function-controller/internal/registry/registry.go:80.16,82.3 1 0
github.com/kyma-project/kyma/components/function-controller/internal/registry/registry.go:83.2,89.8 1 1
github.com/kyma-project/kyma/components/function-controller/internal/registry/registry.go:92.86,94.16 2 0
github.com/kyma-project/kyma/components/function-controller/internal/registry/registry.go:94.16,96.3 1 0
github.com/kyma-project/kyma/components/function-controller/internal/registry/registry.go:98.2,99.16 2 0
github.com/kyma-project/kyma/components/function-controller/internal/registry/registry.go:99.16,101.3 1 0
github.com/kyma-project/kyma/components/function-controller/internal/registry/registry.go:103.2,104.16 2 0
github.com/kyma-project/kyma/components/function-controller/internal/registry/registry.go:104.16,106.3 1 0
github.com/kyma-project/kyma/components/function-controller/internal/registry/registry.go:108.2,114.8 1 0
github.com/kyma-project/kyma/components/function-controller/internal/registry/registry.go:117.59,125.6 2 0
github.com/kyma-project/kyma/components/function-controller/internal/registry/registry.go:125.6,128.16 3 0
github.com/kyma-project/kyma/components/function-controller/internal/registry/registry.go:128.16,130.4 1 0
github.com/kyma-project/kyma/components/function-controller/internal/registry/registry.go:131.3,131.17 1 0
github.com/kyma-project/kyma/components/function-controller/internal/registry/registry.go:131.17,132.9 1 0
github.com/kyma-project/kyma/components/function-controller/internal/registry/registry.go:134.3,134.24 1 0
github.com/kyma-project/kyma/components/function-controller/internal/registry/registry.go:136.2,136.33 1 0
github.com/kyma-project/kyma/components/function-controller/internal/registry/registry.go:136.33,138.3 1 0
github.com/kyma-project/kyma/components/function-controller/internal/registry/registry.go:139.2,139.17 1 0
github.com/kyma-project/kyma/components/function-controller/internal/registry/registry.go:142.94,152.16 4 0
github.com/kyma-project/kyma/components/function-controller/internal/registry/registry.go:152.16,154.3 1 0
github.com/kyma-project/kyma/components/function-controller/internal/registry/registry.go:156.2,162.8 2 0
github.com/kyma-project/kyma/components/function-controller/internal/registry/registry.go:165.73,167.16 2 0
github.com/kyma-project/kyma/components/function-controller/internal/registry/registry.go:167.16,169.3 1 0
github.com/kyma-project/kyma/components/function-controller/internal/registry/registry.go:170.2,171.26 2 0
github.com/kyma-project/kyma/components/function-controller/internal/registry/registry.go:171.26,172.42 1 0
github.com/kyma-project/kyma/components/function-controller/internal/registry/registry.go:172.42,174.4 1 0
github.com/kyma-project/kyma/components/function-controller/internal/registry/registry.go:177.2,177.37 1 0
github.com/kyma-project/kyma/components/function-controller/internal/registry/registry.go:180.73,182.16 2 0
github.com/kyma-project/kyma/components/function-controller/internal/registry/registry.go:182.16,184.3 1 0
github.com/kyma-project/kyma/components/function-controller/internal/registry/registry.go:186.2,187.26 2 0
github.com/kyma-project/kyma/components/function-controller/internal/registry/registry.go:187.26,188.41 1 0
github.com/kyma-project/kyma/components/function-controller/internal/registry/registry.go:188.41,190.4 1 0
github.com/kyma-project/kyma/components/function-controller/internal/registry/registry.go:192.2,192.37 1 0
github.com/kyma-project/kyma/components/function-controller/internal/registry/registry.go:195.81,197.31 2 0
github.com/kyma-project/kyma/components/function-controller/internal/registry/registry.go:197.31,199.17 2 0
github.com/kyma-project/kyma/components/function-controller/internal/registry/registry.go:199.17,201.4 1 0
github.com/kyma-project/kyma/components/function-controller/internal/registry/registry.go:203.3,204.17 2 0
github.com/kyma-project/kyma/components/function-controller/internal/registry/registry.go:204.17,206.4 1 0
github.com/kyma-project/kyma/components/function-controller/internal/registry/registry.go:208.3,208.33 1 0
github.com/kyma-project/kyma/components/function-controller/internal/registry/registry.go:208.33,215.18 2 0
github.com/kyma-project/kyma/components/function-controller/internal/registry/registry.go:215.18,217.25 1 0
github.com/kyma-project/kyma/components/function-controller/internal/registry/registry.go:217.25,219.14 2 0
github.com/kyma-project/kyma/components/function-controller/internal/registry/registry.go:221.5,221.96 1 0
github.com/kyma-project/kyma/components/function-controller/internal/registry/registry.go:223.4,223.39 1 0
github.com/kyma-project/kyma/components/function-controller/internal/registry/registry.go:223.39,227.48 1 0
github.com/kyma-project/kyma/components/function-controller/internal/registry/registry.go:227.48,228.14 1 0
github.com/kyma-project/kyma/components/function-controller/internal/registry/registry.go:231.5,231.82 1 0
github.com/kyma-project/kyma/components/function-controller/internal/registry/registry.go:235.2,235.20 1 0
github.com/kyma-project/kyma/components/function-controller/internal/registry/registry.go:238.34,241.2 1 0
github.com/kyma-project/kyma/components/function-controller/internal/registry/repository.go:35.58,37.2 1 0
github.com/kyma-project/kyma/components/function-controller/internal/registry/repository.go:39.70,41.16 2 0
github.com/kyma-project/kyma/components/function-controller/internal/registry/repository.go:41.16,43.3 1 0
github.com/kyma-project/kyma/components/function-controller/internal/registry/repository.go:44.2,45.16 2 0
github.com/kyma-project/kyma/components/function-controller/internal/registry/repository.go:45.16,47.3 1 0
github.com/kyma-project/kyma/components/function-controller/internal/registry/repository.go:48.2,48.23 1 0
github.com/kyma-project/kyma/components/function-controller/internal/registry/repository.go:51.75,53.2 1 0
github.com/kyma-project/kyma/components/function-controller/internal/registry/repository.go:55.76,57.2 1 0
github.com/kyma-project/kyma/components/function-controller/internal/registry/utils.go:32.85,34.16 2 0
github.com/kyma-project/kyma/components/function-controller/internal/registry/utils.go:34.16,36.3 1 0
github.com/kyma-project/kyma/components/function-controller/internal/registry/utils.go:37.2,37.43 1 0
github.com/kyma-project/kyma/components/function-controller/internal/registry/utils.go:40.87,47.87 5 1
github.com/kyma-project/kyma/components/function-controller/internal/registry/utils.go:47.87,49.3 1 0
github.com/kyma-project/kyma/components/function-controller/internal/registry/utils.go:50.2,50.28 1 1
github.com/kyma-project/kyma/components/function-controller/internal/registry/utils.go:53.75,54.60 1 1
github.com/kyma-project/kyma/components/function-controller/internal/registry/utils.go:54.60,55.35 1 1
github.com/kyma-project/kyma/components/function-controller/internal/registry/utils.go:55.35,57.18 2 1
github.com/kyma-project/kyma/components/function-controller/internal/registry/utils.go:57.18,59.5 1 1
github.com/kyma-project/kyma/components/function-controller/internal/registry/utils.go:60.4,61.11 2 1
github.com/kyma-project/kyma/components/function-controller/internal/registry/utils.go:61.11,63.5 1 1
github.com/kyma-project/kyma/components/function-controller/internal/registry/utils.go:64.4,64.25 1 1
github.com/kyma-project/kyma/components/function-controller/internal/registry/utils.go:67.2,67.57 1 1
github.com/kyma-project/kyma/components/function-controller/internal/registry/utils.go:70.115,73.16 3 0
github.com/kyma-project/kyma/components/function-controller/internal/registry/utils.go:73.16,75.3 1 0
github.com/kyma-project/kyma/components/function-controller/internal/registry/utils.go:77.2,78.16 2 0
github.com/kyma-project/kyma/components/function-controller/internal/registry/utils.go:78.16,80.3 1 0
github.com/kyma-project/kyma/components/function-controller/internal/registry/utils.go:81.2,81.10 1 0
github.com/kyma-project/kyma/components/function-controller/internal/registry/utils.go:84.113,91.22 2 1
github.com/kyma-project/kyma/components/function-controller/internal/registry/utils.go:91.22,94.3 1 1
github.com/kyma-project/kyma/components/function-controller/internal/registry/utils.go:96.2,97.27 2 1
github.com/kyma-project/kyma/components/function-controller/internal/registry/utils.go:97.27,98.32 1 1
github.com/kyma-project/kyma/components/function-controller/internal/registry/utils.go:98.32,100.4 1 1
github.com/kyma-project/kyma/components/function-controller/internal/registry/utils.go:102.2,106.8 1 1
github.com/kyma-project/kyma/components/function-controller/internal/registry/utils.go:109.82,110.39 1 0
github.com/kyma-project/kyma/components/function-controller/internal/registry/utils.go:110.39,112.3 1 0
github.com/kyma-project/kyma/components/function-controller/internal/registry/utils.go:113.2,114.21 2 0
github.com/kyma-project/kyma/components/function-controller/internal/registry/utils.go:114.21,116.3 1 0
github.com/kyma-project/kyma/components/function-controller/internal/registry/utils.go:117.2,117.32 1 0
github.com/kyma-project/kyma/components/function-controller/internal/registry/utils.go:120.84,124.16 4 0
github.com/kyma-project/kyma/components/function-controller/internal/registry/utils.go:124.16,126.3 1 0
github.com/kyma-project/kyma/components/function-controller/internal/registry/utils.go:127.2,128.126 2 0
github.com/kyma-project/kyma/components/function-controller/internal/registry/utils.go:128.126,130.3 1 0
github.com/kyma-project/kyma/components/function-controller/internal/registry/utils.go:131.2,131.35 1 0
github.com/kyma-project/kyma/components/function-controller/internal/git/auth.go:31.68,32.20 1 1
github.com/kyma-project/kyma/components/function-controller/internal/git/auth.go:32.20,34.3 1 1
github.com/kyma-project/kyma/components/function-controller/internal/git/auth.go:36.2,36.44 1 1
github.com/kyma-project/kyma/components/function-controller/internal/git/auth.go:37.27,38.3 1 1
github.com/kyma-project/kyma/components/function-controller/internal/git/auth.go:38.3,40.11 2 1
github.com/kyma-project/kyma/components/function-controller/internal/git/auth.go:40.11,43.5 1 1
github.com/kyma-project/kyma/components/function-controller/internal/git/auth.go:44.4,45.11 2 1
github.com/kyma-project/kyma/components/function-controller/internal/git/auth.go:45.11,47.5 1 1
github.com/kyma-project/kyma/components/function-controller/internal/git/auth.go:49.4,51.10 1 1
github.com/kyma-project/kyma/components/function-controller/internal/git/auth.go:53.28,54.3 1 1
github.com/kyma-project/kyma/components/function-controller/internal/git/auth.go:54.3,56.11 2 1
github.com/kyma-project/kyma/components/function-controller/internal/git/auth.go:56.11,58.5 1 1
github.com/kyma-project/kyma/components/function-controller/internal/git/auth.go:59.4,61.24 3 1
github.com/kyma-project/kyma/components/function-controller/internal/git/auth.go:61.24,63.5 1 1
github.com/kyma-project/kyma/components/function-controller/internal/git/auth.go:63.10,65.5 1 1
github.com/kyma-project/kyma/components/function-controller/internal/git/auth.go:67.4,67.18 1 1
github.com/kyma-project/kyma/components/function-controller/internal/git/auth.go:67.18,69.5 1 1
github.com/kyma-project/kyma/components/function-controller/internal/git/auth.go:70.4,71.18 2 1
github.com/kyma-project/kyma/components/function-controller/internal/git/auth.go:71.18,73.5 1 0
github.com/kyma-project/kyma/components/function-controller/internal/git/auth.go:74.4,77.10 1 1
github.com/kyma-project/kyma/components/function-controller/internal/git/auth.go:81.2,81.97 1 1
github.com/kyma-project/kyma/components/function-controller/internal/git/auth.go:84.139,85.117 1 1
github.com/kyma-project/kyma/components/function-controller/internal/git/auth.go:85.117,87.3 1 0
github.com/kyma-project/kyma/components/function-controller/internal/git/auth.go:90.143,91.117 1 1
github.com/kyma-project/kyma/components/function-controller/internal/git/auth.go:91.117,93.17 2 0
github.com/kyma-project/kyma/components/function-controller/internal/git/auth.go:93.17,95.4 1 0
github.com/kyma-project/kyma/components/function-controller/internal/git/auth.go:96.3,96.19 1 0
github.com/kyma-project/kyma/components/function-controller/internal/git/auth.go:100.91,101.75 1 1
github.com/kyma-project/kyma/components/function-controller/internal/git/auth.go:101.75,103.3 1 0
github.com/kyma-project/kyma/components/function-controller/internal/git/auth.go:106.32,107.16 1 1
github.com/kyma-project/kyma/components/function-controller/internal/git/auth.go:107.16,109.3 1 1
github.com/kyma-project/kyma/components/function-controller/internal/git/auth.go:111.2,112.66 2 1
github.com/kyma-project/kyma/components/function-controller/internal/git/auth.go:112.66,114.3 1 1
github.com/kyma-project/kyma/components/function-controller/internal/git/auth.go:120.2,120.78 1 1
github.com/kyma-project/kyma/components/function-controller/internal/git/auth.go:120.78,122.3 1 1
github.com/kyma-project/kyma/components/function-controller/internal/git/auth.go:123.2,123.14 1 1
github.com/kyma-project/kyma/components/function-controller/internal/git/cloner.go:10.128,17.2 1 0
github.com/kyma-project/kyma/components/function-controller/internal/git/errors.go:15.44,17.19 2 1
github.com/kyma-project/kyma/components/function-controller/internal/git/errors.go:17.19,19.3 1 1
github.com/kyma-project/kyma/components/function-controller/internal/git/errors.go:21.2,21.47 1 1
github.com/kyma-project/kyma/components/function-controller/internal/git/errors.go:21.47,22.29 1 1
github.com/kyma-project/kyma/components/function-controller/internal/git/errors.go:22.29,24.4 1 1
github.com/kyma-project/kyma/components/function-controller/internal/git/errors.go:26.2,26.14 1 0
github.com/kyma-project/kyma/components/function-controller/internal/git/errors.go:29.44,31.8 2 1
github.com/kyma-project/kyma/components/function-controller/internal/git/errors.go:31.8,33.3 1 1
github.com/kyma-project/kyma/components/function-controller/internal/git/errors.go:34.2,35.25 2 1
github.com/kyma-project/kyma/components/function-controller/internal/git/errors.go:35.25,37.3 1 1
github.com/kyma-project/kyma/components/function-controller/internal/git/errors.go:38.2,38.12 1 1
github.com/kyma-project/kyma/components/function-controller/internal/git/fetcher.go:13.129,15.16 2 1
github.com/kyma-project/kyma/components/function-controller/internal/git/fetcher.go:15.16,17.3 1 0
github.com/kyma-project/kyma/components/function-controller/internal/git/fetcher.go:19.2,20.16 2 1
github.com/kyma-project/kyma/components/function-controller/internal/git/fetcher.go:20.16,22.3 1 0
github.com/kyma-project/kyma/components/function-controller/internal/git/fetcher.go:23.2,30.16 3 1
github.com/kyma-project/kyma/components/function-controller/internal/git/fetcher.go:30.16,32.3 1 0
github.com/kyma-project/kyma/components/function-controller/internal/git/fetcher.go:33.2,33.18 1 1
github.com/kyma-project/kyma/components/function-controller/internal/git/fetcher.go:36.85,40.16 4 1
github.com/kyma-project/kyma/components/function-controller/internal/git/fetcher.go:40.16,42.3 1 0
github.com/kyma-project/kyma/components/function-controller/internal/git/fetcher.go:43.2,44.48 2 1
github.com/kyma-project/kyma/components/function-controller/internal/git/fetcher.go:47.117,49.16 2 1
github.com/kyma-project/kyma/components/function-controller/internal/git/fetcher.go:49.16,51.3 1 0
github.com/kyma-project/kyma/components/function-controller/internal/git/fetcher.go:52.2,53.43 2 1
github.com/kyma-project/kyma/components/function-controller/internal/git/go2git.go:31.77,33.2 1 0
github.com/kyma-project/kyma/components/function-controller/internal/git/go2git.go:54.57,59.2 1 1
github.com/kyma-project/kyma/components/function-controller/internal/git/go2git.go:61.49,67.2 4 1
github.com/kyma-project/kyma/components/function-controller/internal/git/go2git.go:69.68,72.16 2 1
github.com/kyma-project/kyma/components/function-controller/internal/git/go2git.go:72.16,74.3 1 1
github.com/kyma-project/kyma/components/function-controller/internal/git/go2git.go:77.2,78.16 2 1
github.com/kyma-project/kyma/components/function-controller/internal/git/go2git.go:78.16,80.3 1 0
github.com/kyma-project/kyma/components/function-controller/internal/git/go2git.go:81.2,82.16 2 1
github.com/kyma-project/kyma/components/function-controller/internal/git/go2git.go:82.16,84.3 1 0
github.com/kyma-project/kyma/components/function-controller/internal/git/go2git.go:85.2,88.16 3 1
github.com/kyma-project/kyma/components/function-controller/internal/git/go2git.go:88.16,90.3 1 1
github.com/kyma-project/kyma/components/function-controller/internal/git/go2git.go:91.2,91.50 1 1
github.com/kyma-project/kyma/components/function-controller/internal/git/go2git.go:91.50,93.3 1 0
github.com/kyma-project/kyma/components/function-controller/internal/git/go2git.go:95.2,96.16 2 1
github.com/kyma-project/kyma/components/function-controller/internal/git/go2git.go:96.16,98.3 1 1
github.com/kyma-project/kyma/components/function-controller/internal/git/go2git.go:99.2,99.34 1 1
github.com/kyma-project/kyma/components/function-controller/internal/git/go2git.go:102.76,104.16 2 1
github.com/kyma-project/kyma/components/function-controller/internal/git/go2git.go:104.16,106.3 1 0
github.com/kyma-project/kyma/components/function-controller/internal/git/go2git.go:107.2,110.16 3 1
github.com/kyma-project/kyma/components/function-controller/internal/git/go2git.go:110.16,112.3 1 0
github.com/kyma-project/kyma/components/function-controller/internal/git/go2git.go:114.2,115.16 2 1
github.com/kyma-project/kyma/components/function-controller/internal/git/go2git.go:115.16,117.3 1 0
github.com/kyma-project/kyma/components/function-controller/internal/git/go2git.go:119.2,120.16 2 1
github.com/kyma-project/kyma/components/function-controller/internal/git/go2git.go:120.16,122.3 1 0
github.com/kyma-project/kyma/components/function-controller/internal/git/go2git.go:124.2,125.16 2 1
github.com/kyma-project/kyma/components/function-controller/internal/git/go2git.go:125.16,127.3 1 0
github.com/kyma-project/kyma/components/function-controller/internal/git/go2git.go:129.2,129.35 1 1
github.com/kyma-project/kyma/components/function-controller/internal/git/go2git.go:132.89,134.16 2 1
github.com/kyma-project/kyma/components/function-controller/internal/git/go2git.go:134.16,136.3 1 0
github.com/kyma-project/kyma/components/function-controller/internal/git/go2git.go:137.2,137.53 1 1
github.com/kyma-project/kyma/components/function-controller/internal/git/go2git.go:139.89,141.16 2 1
github.com/kyma-project/kyma/components/function-controller/internal/git/go2git.go:141.16,143.3 1 0
github.com/kyma-project/kyma/components/function-controller/internal/git/go2git.go:144.2,144.53 1 1
github.com/kyma-project/kyma/components/function-controller/internal/git/go2git.go:147.108,149.16 2 1
github.com/kyma-project/kyma/components/function-controller/internal/git/go2git.go:149.16,151.3 1 0
github.com/kyma-project/kyma/components/function-controller/internal/git/go2git.go:152.2,152.6 1 1
github.com/kyma-project/kyma/components/function-controller/internal/git/go2git.go:152.6,154.17 2 1
github.com/kyma-project/kyma/components/function-controller/internal/git/go2git.go:154.17,155.57 1 1
github.com/kyma-project/kyma/components/function-controller/internal/git/go2git.go:155.57,157.5 1 1
github.com/kyma-project/kyma/components/function-controller/internal/git/go2git.go:158.4,158.59 1 0
github.com/kyma-project/kyma/components/function-controller/internal/git/go2git.go:160.3,160.35 1 1
github.com/kyma-project/kyma/components/function-controller/internal/git/go2git.go:160.35,162.4 1 1
github.com/kyma-project/kyma/components/function-controller/internal/git/go2git.go:166.80,167.52 1 1
github.com/kyma-project/kyma/components/function-controller/internal/git/go2git.go:167.52,169.28 2 1
github.com/kyma-project/kyma/components/function-controller/internal/git/go2git.go:169.28,171.4 1 0
github.com/kyma-project/kyma/components/function-controller/internal/git/go2git.go:172.3,172.39 1 1
github.com/kyma-project/kyma/components/function-controller/internal/git/go2git.go:174.2,174.14 1 1
github.com/kyma-project/kyma/components/function-controller/internal/git/go2git.go:184.99,186.16 2 1
github.com/kyma-project/kyma/components/function-controller/internal/git/go2git.go:186.16,187.56 1 1
github.com/kyma-project/kyma/components/function-controller/internal/git/go2git.go:187.56,189.4 1 1
github.com/kyma-project/kyma/components/function-controller/internal/git/go2git.go:190.3,190.68 1 0
github.com/kyma-project/kyma/components/function-controller/internal/git/go2git.go:193.2,193.58 1 1
github.com/kyma-project/kyma/components/function-controller/internal/git/go2git.go:193.58,195.3 1 0
github.com/kyma-project/kyma/components/function-controller/internal/git/go2git.go:196.2,197.16 2 1
github.com/kyma-project/kyma/components/function-controller/internal/git/go2git.go:197.16,199.3 1 0
github.com/kyma-project/kyma/components/function-controller/internal/git/go2git.go:201.2,202.16 2 1
github.com/kyma-project/kyma/components/function-controller/internal/git/go2git.go:202.16,204.3 1 0
github.com/kyma-project/kyma/components/function-controller/internal/git/go2git.go:205.2,205.20 1 1
github.com/kyma-project/kyma/components/function-controller/internal/git/go2git.go:208.29,209.31 1 0
github.com/kyma-project/kyma/components/function-controller/internal/git/go2git.go:209.31,211.3 1 0
github.com/kyma-project/kyma/components/function-controller/internal/resource/resource.go:48.64,53.2 2 0
github.com/kyma-project/kyma/components/function-controller/internal/resource/resource.go:55.62,60.2 1 1
github.com/kyma-project/kyma/components/function-controller/internal/resource/resource.go:62.67,64.2 1 0
github.com/kyma-project/kyma/components/function-controller/internal/resource/resource.go:66.88,67.19 1 1
github.com/kyma-project/kyma/components/function-controller/internal/resource/resource.go:67.19,68.89 1 1
github.com/kyma-project/kyma/components/function-controller/internal/resource/resource.go:68.89,70.4 1 1
github.com/kyma-project/kyma/components/function-controller/internal/resource/resource.go:73.2,73.40 1 1
github.com/kyma-project/kyma/components/function-controller/internal/resource/resource.go:76.67,78.2 1 0
github.com/kyma-project/kyma/components/function-controller/internal/resource/resource.go:80.90,82.2 1 0
github.com/kyma-project/kyma/components/function-controller/internal/resource/resource.go:84.129,89.2 1 1
github.com/kyma-project/kyma/components/function-controller/internal/resource/resource.go:91.133,103.2 2 1
github.com/kyma-project/kyma/components/function-controller/internal/resource/resource.go:105.51,107.2 1 0
github.com/kyma-project/kyma/components/function-controller/internal/webhook/config.go:17.79,19.86 2 0
github.com/kyma-project/kyma/components/function-controller/internal/webhook/config.go:19.86,20.68 1 0
github.com/kyma-project/kyma/components/function-controller/internal/webhook/config.go:23.2,24.16 2 0
github.com/kyma-project/kyma/components/function-controller/internal/webhook/config.go:24.16,25.69 1 0
github.com/kyma-project/kyma/components/function-controller/internal/webhook/config.go:27.2,30.16 3 0
github.com/kyma-project/kyma/components/function-controller/internal/webhook/config.go:30.16,31.70 1 0
github.com/kyma-project/kyma/components/function-controller/internal/webhook/config.go:33.2,36.16 3 0
github.com/kyma-project/kyma/components/function-controller/internal/webhook/config.go:36.16,37.67 1 0
github.com/kyma-project/kyma/components/function-controller/internal/webhook/config.go:39.2,42.16 3 0
github.com/kyma-project/kyma/components/function-controller/internal/webhook/config.go:42.16,43.58 1 0
github.com/kyma-project/kyma/components/function-controller/internal/webhook/config.go:45.2,47.22 2 0
github.com/kyma-project/kyma/components/function-controller/internal/webhook/config.go:50.79,52.86 2 1
github.com/kyma-project/kyma/components/function-controller/internal/webhook/config.go:52.86,53.68 1 0
github.com/kyma-project/kyma/components/function-controller/internal/webhook/config.go:55.2,55.22 1 1
github.com/kyma-project/kyma/components/function-controller/internal/webhook/defaulting_webhook.go:25.149,31.2 1 0
github.com/kyma-project/kyma/components/function-controller/internal/webhook/defaulting_webhook.go:33.97,37.33 3 1
github.com/kyma-project/kyma/components/function-controller/internal/webhook/defaulting_webhook.go:37.33,41.3 3 1
github.com/kyma-project/kyma/components/function-controller/internal/webhook/defaulting_webhook.go:42.2,42.38 1 0
github.com/kyma-project/kyma/components/function-controller/internal/webhook/defaulting_webhook.go:42.38,46.3 3 0
github.com/kyma-project/kyma/components/function-controller/internal/webhook/defaulting_webhook.go:48.2,49.96 2 0
github.com/kyma-project/kyma/components/function-controller/internal/webhook/defaulting_webhook.go:52.77,55.2 2 0
github.com/kyma-project/kyma/components/function-controller/internal/webhook/defaulting_webhook.go:57.96,59.26 2 1
github.com/kyma-project/kyma/components/function-controller/internal/webhook/defaulting_webhook.go:60.42,61.3 1 1
github.com/kyma-project/kyma/components/function-controller/internal/webhook/defaulting_webhook.go:61.3,63.52 2 1
github.com/kyma-project/kyma/components/function-controller/internal/webhook/defaulting_webhook.go:63.52,65.5 1 1
github.com/kyma-project/kyma/components/function-controller/internal/webhook/defaulting_webhook.go:66.4,67.10 2 1
github.com/kyma-project/kyma/components/function-controller/internal/webhook/defaulting_webhook.go:69.10,70.124 1 0
github.com/kyma-project/kyma/components/function-controller/internal/webhook/defaulting_webhook.go:73.2,74.16 2 1
github.com/kyma-project/kyma/components/function-controller/internal/webhook/defaulting_webhook.go:74.16,76.3 1 0
github.com/kyma-project/kyma/components/function-controller/internal/webhook/defaulting_webhook.go:77.2,77.63 1 1
github.com/kyma-project/kyma/components/function-controller/internal/webhook/defaulting_webhook.go:80.74,82.2 1 0
github.com/kyma-project/kyma/components/function-controller/internal/webhook/remote_registry_cfg_webhook.go:25.74,29.2 1 0
github.com/kyma-project/kyma/components/function-controller/internal/webhook/remote_registry_cfg_webhook.go:36.97,41.55 4 1
github.com/kyma-project/kyma/components/function-controller/internal/webhook/remote_registry_cfg_webhook.go:41.55,44.3 2 1
github.com/kyma-project/kyma/components/function-controller/internal/webhook/remote_registry_cfg_webhook.go:46.2,47.16 2 1
github.com/kyma-project/kyma/components/function-controller/internal/webhook/remote_registry_cfg_webhook.go:47.16,50.3 2 1
github.com/kyma-project/kyma/components/function-controller/internal/webhook/remote_registry_cfg_webhook.go:52.2,53.16 2 1
github.com/kyma-project/kyma/components/function-controller/internal/webhook/remote_registry_cfg_webhook.go:53.16,56.3 2 0
github.com/kyma-project/kyma/components/function-controller/internal/webhook/remote_registry_cfg_webhook.go:58.2,60.12 3 1
github.com/kyma-project/kyma/components/function-controller/internal/webhook/remote_registry_cfg_webhook.go:63.81,65.16 2 1
github.com/kyma-project/kyma/components/function-controller/internal/webhook/remote_registry_cfg_webhook.go:65.16,67.3 1 0
github.com/kyma-project/kyma/components/function-controller/internal/webhook/remote_registry_cfg_webhook.go:68.2,68.53 1 1
github.com/kyma-project/kyma/components/function-controller/internal/webhook/remote_registry_cfg_webhook.go:71.69,74.2 2 0
github.com/kyma-project/kyma/components/function-controller/internal/webhook/validating_webhook.go:24.149,30.2 1 0
github.com/kyma-project/kyma/components/function-controller/internal/webhook/validating_webhook.go:31.97,36.32 3 1
github.com/kyma-project/kyma/components/function-controller/internal/webhook/validating_webhook.go:36.32,40.3 3 0
github.com/kyma-project/kyma/components/function-controller/internal/webhook/validating_webhook.go:42.2,42.33 1 1
github.com/kyma-project/kyma/components/function-controller/internal/webhook/validating_webhook.go:42.33,46.3 3 1
github.com/kyma-project/kyma/components/function-controller/internal/webhook/validating_webhook.go:48.2,49.96 2 0
github.com/kyma-project/kyma/components/function-controller/internal/webhook/validating_webhook.go:52.77,55.2 2 0
github.com/kyma-project/kyma/components/function-controller/internal/webhook/validating_webhook.go:57.96,58.26 1 1
github.com/kyma-project/kyma/components/function-controller/internal/webhook/validating_webhook.go:59.42,60.3 1 1
github.com/kyma-project/kyma/components/function-controller/internal/webhook/validating_webhook.go:60.3,62.52 2 1
github.com/kyma-project/kyma/components/function-controller/internal/webhook/validating_webhook.go:62.52,64.5 1 1
github.com/kyma-project/kyma/components/function-controller/internal/webhook/validating_webhook.go:65.4,65.56 1 1
github.com/kyma-project/kyma/components/function-controller/internal/webhook/validating_webhook.go:65.56,67.5 1 1
github.com/kyma-project/kyma/components/function-controller/internal/webhook/validating_webhook.go:69.10,70.124 1 0
github.com/kyma-project/kyma/components/function-controller/internal/webhook/validating_webhook.go:72.2,72.30 1 1
github.com/kyma-project/kyma/components/function-controller/pkg/apis/serverless/v1alpha2/function_defaults.go:61.55,65.2 3 1
github.com/kyma-project/kyma/components/function-controller/pkg/apis/serverless/v1alpha2/function_defaults.go:67.68,71.26 3 1
github.com/kyma-project/kyma/components/function-controller/pkg/apis/serverless/v1alpha2/function_defaults.go:71.26,74.3 1 1
github.com/kyma-project/kyma/components/function-controller/pkg/apis/serverless/v1alpha2/function_defaults.go:76.2,76.29 1 1
github.com/kyma-project/kyma/components/function-controller/pkg/apis/serverless/v1alpha2/function_defaults.go:76.29,78.3 1 1
github.com/kyma-project/kyma/components/function-controller/pkg/apis/serverless/v1alpha2/function_defaults.go:81.2,81.41 1 1
github.com/kyma-project/kyma/components/function-controller/pkg/apis/serverless/v1alpha2/function_defaults.go:81.41,83.84 2 1
github.com/kyma-project/kyma/components/function-controller/pkg/apis/serverless/v1alpha2/function_defaults.go:83.84,85.4 1 1
github.com/kyma-project/kyma/components/function-controller/pkg/apis/serverless/v1alpha2/function_defaults.go:86.3,86.41 1 1
github.com/kyma-project/kyma/components/function-controller/pkg/apis/serverless/v1alpha2/function_defaults.go:88.2,90.41 2 1
github.com/kyma-project/kyma/components/function-controller/pkg/apis/serverless/v1alpha2/function_defaults.go:90.41,92.45 2 1
github.com/kyma-project/kyma/components/function-controller/pkg/apis/serverless/v1alpha2/function_defaults.go:92.45,94.4 1 1
github.com/kyma-project/kyma/components/function-controller/pkg/apis/serverless/v1alpha2/function_defaults.go:96.3,96.41 1 1
github.com/kyma-project/kyma/components/function-controller/pkg/apis/serverless/v1alpha2/function_defaults.go:100.92,103.85 3 1
github.com/kyma-project/kyma/components/function-controller/pkg/apis/serverless/v1alpha2/function_defaults.go:103.85,105.43 2 1
github.com/kyma-project/kyma/components/function-controller/pkg/apis/serverless/v1alpha2/function_defaults.go:105.43,107.4 1 1
github.com/kyma-project/kyma/components/function-controller/pkg/apis/serverless/v1alpha2/function_defaults.go:108.3,108.40 1 1
github.com/kyma-project/kyma/components/function-controller/pkg/apis/serverless/v1alpha2/function_defaults.go:110.2,112.49 3 1
github.com/kyma-project/kyma/components/function-controller/pkg/apis/serverless/v1alpha2/function_defaults.go:115.87,117.39 1 1
github.com/kyma-project/kyma/components/function-controller/pkg/apis/serverless/v1alpha2/function_defaults.go:117.39,119.3 1 1
github.com/kyma-project/kyma/components/function-controller/pkg/apis/serverless/v1alpha2/function_defaults.go:121.2,121.48 1 1
github.com/kyma-project/kyma/components/function-controller/pkg/apis/serverless/v1alpha2/function_defaults.go:121.48,123.3 1 1
github.com/kyma-project/kyma/components/function-controller/pkg/apis/serverless/v1alpha2/function_defaults.go:125.2,125.59 1 1
github.com/kyma-project/kyma/components/function-controller/pkg/apis/serverless/v1alpha2/function_defaults.go:128.89,131.41 1 1
github.com/kyma-project/kyma/components/function-controller/pkg/apis/serverless/v1alpha2/function_defaults.go:131.41,133.3 1 1
github.com/kyma-project/kyma/components/function-controller/pkg/apis/serverless/v1alpha2/function_defaults.go:135.2,136.82 2 1
github.com/kyma-project/kyma/components/function-controller/pkg/apis/serverless/v1alpha2/function_defaults.go:136.82,138.3 1 1
github.com/kyma-project/kyma/components/function-controller/pkg/apis/serverless/v1alpha2/function_defaults.go:140.2,143.46 3 1
github.com/kyma-project/kyma/components/function-controller/pkg/apis/serverless/v1alpha2/function_defaults.go:146.84,148.39 1 1
github.com/kyma-project/kyma/components/function-controller/pkg/apis/serverless/v1alpha2/function_defaults.go:148.39,150.3 1 0
github.com/kyma-project/kyma/components/function-controller/pkg/apis/serverless/v1alpha2/function_defaults.go:152.2,152.45 1 1
github.com/kyma-project/kyma/components/function-controller/pkg/apis/serverless/v1alpha2/function_defaults.go:152.45,154.3 1 1
github.com/kyma-project/kyma/components/function-controller/pkg/apis/serverless/v1alpha2/function_defaults.go:156.2,156.56 1 1
github.com/kyma-project/kyma/components/function-controller/pkg/apis/serverless/v1alpha2/function_defaults.go:159.57,162.20 3 1
github.com/kyma-project/kyma/components/function-controller/pkg/apis/serverless/v1alpha2/function_defaults.go:162.20,164.3 1 1
github.com/kyma-project/kyma/components/function-controller/pkg/apis/serverless/v1alpha2/function_defaults.go:166.2,166.24 1 1
github.com/kyma-project/kyma/components/function-controller/pkg/apis/serverless/v1alpha2/function_defaults.go:166.24,167.32 1 1
github.com/kyma-project/kyma/components/function-controller/pkg/apis/serverless/v1alpha2/function_defaults.go:167.32,169.4 1 1
github.com/kyma-project/kyma/components/function-controller/pkg/apis/serverless/v1alpha2/function_defaults.go:170.3,170.35 1 1
github.com/kyma-project/kyma/components/function-controller/pkg/apis/serverless/v1alpha2/function_defaults.go:170.35,172.4 1 1
github.com/kyma-project/kyma/components/function-controller/pkg/apis/serverless/v1alpha2/function_defaults.go:174.2,174.13 1 1
github.com/kyma-project/kyma/components/function-controller/pkg/apis/serverless/v1alpha2/function_defaults.go:177.246,181.18 2 1
github.com/kyma-project/kyma/components/function-controller/pkg/apis/serverless/v1alpha2/function_defaults.go:181.18,183.3 1 1
github.com/kyma-project/kyma/components/function-controller/pkg/apis/serverless/v1alpha2/function_defaults.go:184.2,184.18 1 1
github.com/kyma-project/kyma/components/function-controller/pkg/apis/serverless/v1alpha2/function_defaults.go:184.18,186.3 1 1
github.com/kyma-project/kyma/components/function-controller/pkg/apis/serverless/v1alpha2/function_defaults.go:188.2,188.33 1 1
github.com/kyma-project/kyma/components/function-controller/pkg/apis/serverless/v1alpha2/function_defaults.go:188.33,190.3 1 1
github.com/kyma-project/kyma/components/function-controller/pkg/apis/serverless/v1alpha2/function_defaults.go:192.2,193.8 2 1
github.com/kyma-project/kyma/components/function-controller/pkg/apis/serverless/v1alpha2/function_defaults.go:193.8,195.3 1 0
github.com/kyma-project/kyma/components/function-controller/pkg/apis/serverless/v1alpha2/function_defaults.go:196.2,196.54 1 1
github.com/kyma-project/kyma/components/function-controller/pkg/apis/serverless/v1alpha2/function_defaults.go:199.81,211.2 2 1
github.com/kyma-project/kyma/components/function-controller/pkg/apis/serverless/v1alpha2/function_defaults.go:213.81,215.69 2 1
github.com/kyma-project/kyma/components/function-controller/pkg/apis/serverless/v1alpha2/function_defaults.go:215.69,217.3 1 0
github.com/kyma-project/kyma/components/function-controller/pkg/apis/serverless/v1alpha2/function_defaults.go:218.2,218.21 1 1
github.com/kyma-project/kyma/components/function-controller/pkg/apis/serverless/v1alpha2/function_defaults.go:221.82,223.69 2 1
github.com/kyma-project/kyma/components/function-controller/pkg/apis/serverless/v1alpha2/function_defaults.go:223.69,225.3 1 0
github.com/kyma-project/kyma/components/function-controller/pkg/apis/serverless/v1alpha2/function_defaults.go:226.2,226.21 1 1
github.com/kyma-project/kyma/components/function-controller/pkg/apis/serverless/v1alpha2/function_defaults.go:229.72,231.69 2 1
github.com/kyma-project/kyma/components/function-controller/pkg/apis/serverless/v1alpha2/function_defaults.go:231.69,233.3 1 0
github.com/kyma-project/kyma/components/function-controller/pkg/apis/serverless/v1alpha2/function_defaults.go:234.2,234.21 1 1
github.com/kyma-project/kyma/components/function-controller/pkg/apis/serverless/v1alpha2/function_types.go:320.48,321.11 1 1
github.com/kyma-project/kyma/components/function-controller/pkg/apis/serverless/v1alpha2/function_types.go:323.26,324.37 1 1
github.com/kyma-project/kyma/components/function-controller/pkg/apis/serverless/v1alpha2/function_types.go:326.23,327.44 1 1
github.com/kyma-project/kyma/components/function-controller/pkg/apis/serverless/v1alpha2/function_types.go:329.10,330.15 1 0
github.com/kyma-project/kyma/components/function-controller/pkg/apis/serverless/v1alpha2/function_types.go:334.46,335.39 1 0
github.com/kyma-project/kyma/components/function-controller/pkg/apis/serverless/v1alpha2/function_types.go:335.39,337.3 1 0
github.com/kyma-project/kyma/components/function-controller/pkg/apis/serverless/v1alpha2/function_types.go:338.2,338.31 1 0
github.com/kyma-project/kyma/components/function-controller/pkg/apis/serverless/v1alpha2/function_types.go:351.13,356.2 1 1
github.com/kyma-project/kyma/components/function-controller/pkg/apis/serverless/v1alpha2/function_types.go:358.37,361.31 3 1
github.com/kyma-project/kyma/components/function-controller/pkg/apis/serverless/v1alpha2/function_types.go:361.31,362.36 1 1
github.com/kyma-project/kyma/components/function-controller/pkg/apis/serverless/v1alpha2/function_types.go:362.36,364.4 1 1
github.com/kyma-project/kyma/components/function-controller/pkg/apis/serverless/v1alpha2/function_types.go:366.2,366.14 1 1
github.com/kyma-project/kyma/components/function-controller/pkg/apis/serverless/v1alpha2/function_types.go:369.64,370.36 1 1
github.com/kyma-project/kyma/components/function-controller/pkg/apis/serverless/v1alpha2/function_types.go:370.36,371.21 1 1
github.com/kyma-project/kyma/components/function-controller/pkg/apis/serverless/v1alpha2/function_types.go:371.21,373.4 1 1
github.com/kyma-project/kyma/components/function-controller/pkg/apis/serverless/v1alpha2/function_types.go:375.2,375.12 1 0
github.com/kyma-project/kyma/components/function-controller/pkg/apis/serverless/v1alpha2/function_types.go:378.35,380.2 1 1
github.com/kyma-project/kyma/components/function-controller/pkg/apis/serverless/v1alpha2/function_types.go:382.46,383.26 1 0
github.com/kyma-project/kyma/components/function-controller/pkg/apis/serverless/v1alpha2/function_types.go:383.26,385.3 1 0
github.com/kyma-project/kyma/components/function-controller/pkg/apis/serverless/v1alpha2/function_types.go:387.2,391.54 1 0
github.com/kyma-project/kyma/components/function-controller/pkg/apis/serverless/v1alpha2/function_types.go:391.54,393.3 1 0
github.com/kyma-project/kyma/components/function-controller/pkg/apis/serverless/v1alpha2/function_types.go:394.2,394.13 1 0
github.com/kyma-project/kyma/components/function-controller/pkg/apis/serverless/v1alpha2/function_validation.go:53.64,66.2 1 1
github.com/kyma-project/kyma/components/function-controller/pkg/apis/serverless/v1alpha2/function_validation.go:72.58,75.9 2 1
github.com/kyma-project/kyma/components/function-controller/pkg/apis/serverless/v1alpha2/function_validation.go:76.37,78.44 2 1
github.com/kyma-project/kyma/components/function-controller/pkg/apis/serverless/v1alpha2/function_validation.go:80.34,83.44 3 1
github.com/kyma-project/kyma/components/function-controller/pkg/apis/serverless/v1alpha2/function_validation.go:85.10,87.44 2 1
github.com/kyma-project/kyma/components/function-controller/pkg/apis/serverless/v1alpha2/function_validation.go:91.62,93.2 1 1
github.com/kyma-project/kyma/components/function-controller/pkg/apis/serverless/v1alpha2/function_validation.go:95.78,97.29 2 1
github.com/kyma-project/kyma/components/function-controller/pkg/apis/serverless/v1alpha2/function_validation.go:97.29,98.34 1 1
github.com/kyma-project/kyma/components/function-controller/pkg/apis/serverless/v1alpha2/function_validation.go:98.34,100.4 1 1
github.com/kyma-project/kyma/components/function-controller/pkg/apis/serverless/v1alpha2/function_validation.go:102.2,102.35 1 1
github.com/kyma-project/kyma/components/function-controller/pkg/apis/serverless/v1alpha2/function_validation.go:105.67,108.97 3 1
github.com/kyma-project/kyma/components/function-controller/pkg/apis/serverless/v1alpha2/function_validation.go:108.97,110.3 1 1
github.com/kyma-project/kyma/components/function-controller/pkg/apis/serverless/v1alpha2/function_validation.go:111.2,111.12 1 1
github.com/kyma-project/kyma/components/function-controller/pkg/apis/serverless/v1alpha2/function_validation.go:114.73,115.45 1 1
github.com/kyma-project/kyma/components/function-controller/pkg/apis/serverless/v1alpha2/function_validation.go:115.45,117.3 1 1
github.com/kyma-project/kyma/components/function-controller/pkg/apis/serverless/v1alpha2/function_validation.go:117.8,117.85 1 1
github.com/kyma-project/kyma/components/function-controller/pkg/apis/serverless/v1alpha2/function_validation.go:117.85,119.3 1 1
github.com/kyma-project/kyma/components/function-controller/pkg/apis/serverless/v1alpha2/function_validation.go:120.2,120.12 1 1
github.com/kyma-project/kyma/components/function-controller/pkg/apis/serverless/v1alpha2/function_validation.go:123.72,124.37 1 1
github.com/kyma-project/kyma/components/function-controller/pkg/apis/serverless/v1alpha2/function_validation.go:124.37,126.3 1 0
github.com/kyma-project/kyma/components/function-controller/pkg/apis/serverless/v1alpha2/function_validation.go:127.2,127.12 1 1
github.com/kyma-project/kyma/components/function-controller/pkg/apis/serverless/v1alpha2/function_validation.go:130.73,131.92 1 1
github.com/kyma-project/kyma/components/function-controller/pkg/apis/serverless/v1alpha2/function_validation.go:131.92,133.3 1 1
github.com/kyma-project/kyma/components/function-controller/pkg/apis/serverless/v1alpha2/function_validation.go:134.2,134.12 1 1
github.com/kyma-project/kyma/components/function-controller/pkg/apis/serverless/v1alpha2/function_validation.go:137.69,138.43 1 1
github.com/kyma-project/kyma/components/function-controller/pkg/apis/serverless/v1alpha2/function_validation.go:138.43,142.3 1 1
github.com/kyma-project/kyma/components/function-controller/pkg/apis/serverless/v1alpha2/function_validation.go:143.2,148.3 1 0
github.com/kyma-project/kyma/components/function-controller/pkg/apis/serverless/v1alpha2/function_validation.go:151.80,152.72 1 0
github.com/kyma-project/kyma/components/function-controller/pkg/apis/serverless/v1alpha2/function_validation.go:152.72,154.3 1 0
github.com/kyma-project/kyma/components/function-controller/pkg/apis/serverless/v1alpha2/function_validation.go:155.2,155.12 1 0
github.com/kyma-project/kyma/components/function-controller/pkg/apis/serverless/v1alpha2/function_validation.go:160.74,161.45 1 0
github.com/kyma-project/kyma/components/function-controller/pkg/apis/serverless/v1alpha2/function_validation.go:162.49,163.13 1 0
github.com/kyma-project/kyma/components/function-controller/pkg/apis/serverless/v1alpha2/function_validation.go:164.10,165.41 1 0
github.com/kyma-project/kyma/components/function-controller/pkg/apis/serverless/v1alpha2/function_validation.go:169.70,171.21 2 1
github.com/kyma-project/kyma/components/function-controller/pkg/apis/serverless/v1alpha2/function_validation.go:172.36,173.13 1 1
github.com/kyma-project/kyma/components/function-controller/pkg/apis/serverless/v1alpha2/function_validation.go:175.2,175.62 1 1
github.com/kyma-project/kyma/components/function-controller/pkg/apis/serverless/v1alpha2/function_validation.go:178.67,182.27 4 1
github.com/kyma-project/kyma/components/function-controller/pkg/apis/serverless/v1alpha2/function_validation.go:182.27,184.44 2 1
github.com/kyma-project/kyma/components/function-controller/pkg/apis/serverless/v1alpha2/function_validation.go:184.44,185.31 1 1
github.com/kyma-project/kyma/components/function-controller/pkg/apis/serverless/v1alpha2/function_validation.go:185.31,187.5 1 1
github.com/kyma-project/kyma/components/function-controller/pkg/apis/serverless/v1alpha2/function_validation.go:189.3,189.20 1 1
github.com/kyma-project/kyma/components/function-controller/pkg/apis/serverless/v1alpha2/function_validation.go:189.20,193.4 1 1
github.com/kyma-project/kyma/components/function-controller/pkg/apis/serverless/v1alpha2/function_validation.go:195.2,195.63 1 1
github.com/kyma-project/kyma/components/function-controller/pkg/apis/serverless/v1alpha2/function_validation.go:198.81,201.141 3 1
github.com/kyma-project/kyma/components/function-controller/pkg/apis/serverless/v1alpha2/function_validation.go:201.141,203.3 1 1
github.com/kyma-project/kyma/components/function-controller/pkg/apis/serverless/v1alpha2/function_validation.go:204.2,204.12 1 1
github.com/kyma-project/kyma/components/function-controller/pkg/apis/serverless/v1alpha2/function_validation.go:207.78,210.135 3 1
github.com/kyma-project/kyma/components/function-controller/pkg/apis/serverless/v1alpha2/function_validation.go:210.135,212.3 1 1
github.com/kyma-project/kyma/components/function-controller/pkg/apis/serverless/v1alpha2/function_validation.go:213.2,213.12 1 1
github.com/kyma-project/kyma/components/function-controller/pkg/apis/serverless/v1alpha2/function_validation.go:216.71,218.38 2 1
github.com/kyma-project/kyma/components/function-controller/pkg/apis/serverless/v1alpha2/function_validation.go:218.38,220.3 1 1
github.com/kyma-project/kyma/components/function-controller/pkg/apis/serverless/v1alpha2/function_validation.go:222.2,222.31 1 1
github.com/kyma-project/kyma/components/function-controller/pkg/apis/serverless/v1alpha2/function_validation.go:222.31,224.3 1 1
github.com/kyma-project/kyma/components/function-controller/pkg/apis/serverless/v1alpha2/function_validation.go:225.2,225.18 1 1
github.com/kyma-project/kyma/components/function-controller/pkg/apis/serverless/v1alpha2/function_validation.go:225.18,227.3 1 1
github.com/kyma-project/kyma/components/function-controller/pkg/apis/serverless/v1alpha2/function_validation.go:228.2,228.86 1 1
github.com/kyma-project/kyma/components/function-controller/pkg/apis/serverless/v1alpha2/function_validation.go:231.121,236.21 4 1
github.com/kyma-project/kyma/components/function-controller/pkg/apis/serverless/v1alpha2/function_validation.go:236.21,238.3 1 1
github.com/kyma-project/kyma/components/function-controller/pkg/apis/serverless/v1alpha2/function_validation.go:240.2,240.19 1 1
github.com/kyma-project/kyma/components/function-controller/pkg/apis/serverless/v1alpha2/function_validation.go:240.19,242.3 1 1
github.com/kyma-project/kyma/components/function-controller/pkg/apis/serverless/v1alpha2/function_validation.go:243.2,243.61 1 1
github.com/kyma-project/kyma/components/function-controller/pkg/apis/serverless/v1alpha2/function_validation.go:246.123,251.38 4 1
github.com/kyma-project/kyma/components/function-controller/pkg/apis/serverless/v1alpha2/function_validation.go:251.38,254.3 1 1
github.com/kyma-project/kyma/components/function-controller/pkg/apis/serverless/v1alpha2/function_validation.go:255.2,255.44 1 1
github.com/kyma-project/kyma/components/function-controller/pkg/apis/serverless/v1alpha2/function_validation.go:255.44,258.3 1 1
github.com/kyma-project/kyma/components/function-controller/pkg/apis/serverless/v1alpha2/function_validation.go:260.2,260.19 1 1
github.com/kyma-project/kyma/components/function-controller/pkg/apis/serverless/v1alpha2/function_validation.go:260.19,262.3 1 0
github.com/kyma-project/kyma/components/function-controller/pkg/apis/serverless/v1alpha2/function_validation.go:264.2,264.44 1 1
github.com/kyma-project/kyma/components/function-controller/pkg/apis/serverless/v1alpha2/function_validation.go:264.44,267.3 1 1
github.com/kyma-project/kyma/components/function-controller/pkg/apis/serverless/v1alpha2/function_validation.go:268.2,268.50 1 1
github.com/kyma-project/kyma/components/function-controller/pkg/apis/serverless/v1alpha2/function_validation.go:268.50,271.3 1 1
github.com/kyma-project/kyma/components/function-controller/pkg/apis/serverless/v1alpha2/function_validation.go:273.2,273.16 1 1
github.com/kyma-project/kyma/components/function-controller/pkg/apis/serverless/v1alpha2/function_validation.go:276.121,280.19 3 1
github.com/kyma-project/kyma/components/function-controller/pkg/apis/serverless/v1alpha2/function_validation.go:280.19,281.37 1 1
github.com/kyma-project/kyma/components/function-controller/pkg/apis/serverless/v1alpha2/function_validation.go:281.37,284.4 1 1
github.com/kyma-project/kyma/components/function-controller/pkg/apis/serverless/v1alpha2/function_validation.go:285.3,285.43 1 1
github.com/kyma-project/kyma/components/function-controller/pkg/apis/serverless/v1alpha2/function_validation.go:285.43,288.4 1 1
github.com/kyma-project/kyma/components/function-controller/pkg/apis/serverless/v1alpha2/function_validation.go:290.2,290.16 1 1
github.com/kyma-project/kyma/components/function-controller/pkg/apis/serverless/v1alpha2/function_validation.go:293.72,297.29 4 1
github.com/kyma-project/kyma/components/function-controller/pkg/apis/serverless/v1alpha2/function_validation.go:297.29,299.3 1 1
github.com/kyma-project/kyma/components/function-controller/pkg/apis/serverless/v1alpha2/function_validation.go:300.2,304.53 4 1
github.com/kyma-project/kyma/components/function-controller/pkg/apis/serverless/v1alpha2/function_validation.go:304.53,306.3 1 0
github.com/kyma-project/kyma/components/function-controller/pkg/apis/serverless/v1alpha2/function_validation.go:307.2,307.77 1 1
github.com/kyma-project/kyma/components/function-controller/pkg/apis/serverless/v1alpha2/function_validation.go:307.77,310.3 1 1
github.com/kyma-project/kyma/components/function-controller/pkg/apis/serverless/v1alpha2/function_validation.go:311.2,311.51 1 1
github.com/kyma-project/kyma/components/function-controller/pkg/apis/serverless/v1alpha2/function_validation.go:311.51,314.3 1 1
github.com/kyma-project/kyma/components/function-controller/pkg/apis/serverless/v1alpha2/function_validation.go:315.2,315.51 1 1
github.com/kyma-project/kyma/components/function-controller/pkg/apis/serverless/v1alpha2/function_validation.go:315.51,318.3 1 1
github.com/kyma-project/kyma/components/function-controller/pkg/apis/serverless/v1alpha2/function_validation.go:319.2,319.49 1 1
github.com/kyma-project/kyma/components/function-controller/pkg/apis/serverless/v1alpha2/function_validation.go:322.69,324.26 2 1
github.com/kyma-project/kyma/components/function-controller/pkg/apis/serverless/v1alpha2/function_validation.go:324.26,326.3 1 1
github.com/kyma-project/kyma/components/function-controller/pkg/apis/serverless/v1alpha2/function_validation.go:328.2,333.27 5 1
github.com/kyma-project/kyma/components/function-controller/pkg/apis/serverless/v1alpha2/function_validation.go:336.121,338.34 2 1
github.com/kyma-project/kyma/components/function-controller/pkg/apis/serverless/v1alpha2/function_validation.go:338.34,342.3 3 1
github.com/kyma-project/kyma/components/function-controller/pkg/apis/serverless/v1alpha2/function_validation.go:343.2,343.13 1 1
github.com/kyma-project/kyma/components/function-controller/pkg/apis/serverless/v1alpha2/function_validation.go:346.84,354.2 5 1
github.com/kyma-project/kyma/components/function-controller/pkg/apis/serverless/v1alpha2/function_validation.go:356.104,360.24 4 1
github.com/kyma-project/kyma/components/function-controller/pkg/apis/serverless/v1alpha2/function_validation.go:360.24,361.44 1 1
github.com/kyma-project/kyma/components/function-controller/pkg/apis/serverless/v1alpha2/function_validation.go:361.44,363.4 1 1
github.com/kyma-project/kyma/components/function-controller/pkg/apis/serverless/v1alpha2/function_validation.go:365.2,365.16 1 1
github.com/kyma-project/kyma/components/function-controller/pkg/apis/serverless/v1alpha2/function_validation.go:368.74,373.2 3 1
github.com/kyma-project/kyma/components/function-controller/pkg/apis/serverless/v1alpha2/function_validation.go:375.75,378.43 3 1
github.com/kyma-project/kyma/components/function-controller/pkg/apis/serverless/v1alpha2/function_validation.go:378.43,381.3 1 1
github.com/kyma-project/kyma/components/function-controller/pkg/apis/serverless/v1alpha2/function_validation.go:383.2,383.41 1 1
github.com/kyma-project/kyma/components/function-controller/pkg/apis/serverless/v1alpha2/function_validation.go:383.41,385.3 1 1
github.com/kyma-project/kyma/components/function-controller/pkg/apis/serverless/v1alpha2/function_validation.go:387.2,387.47 1 1
github.com/kyma-project/kyma/components/function-controller/pkg/apis/serverless/v1alpha2/function_validation.go:387.47,389.3 1 1
github.com/kyma-project/kyma/components/function-controller/pkg/apis/serverless/v1alpha2/function_validation.go:391.2,391.60 1 1
github.com/kyma-project/kyma/components/function-controller/pkg/apis/serverless/v1alpha2/function_validation.go:394.60,396.43 2 1
github.com/kyma-project/kyma/components/function-controller/pkg/apis/serverless/v1alpha2/function_validation.go:396.43,398.3 1 1
github.com/kyma-project/kyma/components/function-controller/pkg/apis/serverless/v1alpha2/function_validation.go:399.2,399.52 1 1
github.com/kyma-project/kyma/components/function-controller/pkg/apis/serverless/v1alpha2/function_validation.go:402.66,403.43 1 1
github.com/kyma-project/kyma/components/function-controller/pkg/apis/serverless/v1alpha2/function_validation.go:403.43,404.34 1 1
github.com/kyma-project/kyma/components/function-controller/pkg/apis/serverless/v1alpha2/function_validation.go:404.34,406.4 1 1
github.com/kyma-project/kyma/components/function-controller/pkg/apis/serverless/v1alpha2/function_validation.go:408.2,408.13 1 1
github.com/kyma-project/kyma/components/function-controller/pkg/apis/serverless/v1alpha2/function_validation.go:416.73,421.2 1 1
github.com/kyma-project/kyma/components/function-controller/pkg/apis/serverless/v1alpha2/function_validation.go:423.36,425.16 2 1
github.com/kyma-project/kyma/components/function-controller/pkg/apis/serverless/v1alpha2/function_validation.go:425.16,426.13 1 0
github.com/kyma-project/kyma/components/function-controller/pkg/apis/serverless/v1alpha2/function_validation.go:429.2,429.33 1 1
github.com/kyma-project/kyma/components/function-controller/pkg/apis/serverless/v1alpha2/groupversion_info.go:50.53,52.2 1 0
github.com/kyma-project/kyma/components/function-controller/pkg/apis/serverless/v1alpha2/runtime_validation.go:9.71,10.17 1 1
github.com/kyma-project/kyma/components/function-controller/pkg/apis/serverless/v1alpha2/runtime_validation.go:11.26,12.50 1 1
github.com/kyma-project/kyma/components/function-controller/pkg/apis/serverless/v1alpha2/runtime_validation.go:13.16,14.13 1 0
github.com/kyma-project/kyma/components/function-controller/pkg/apis/serverless/v1alpha2/runtime_validation.go:16.2,16.55 1 1
github.com/kyma-project/kyma/components/function-controller/pkg/apis/serverless/v1alpha2/runtime_validation.go:19.60,20.105 1 1
github.com/kyma-project/kyma/components/function-controller/pkg/apis/serverless/v1alpha2/runtime_validation.go:20.105,22.3 1 1
github.com/kyma-project/kyma/components/function-controller/pkg/apis/serverless/v1alpha2/runtime_validation.go:23.2,23.12 1 1
github.com/kyma-project/kyma/components/function-controller/pkg/apis/serverless/v1alpha2/validation_helpers.go:8.56,9.23 1 1
github.com/kyma-project/kyma/components/function-controller/pkg/apis/serverless/v1alpha2/validation_helpers.go:9.23,11.3 1 1
github.com/kyma-project/kyma/components/function-controller/pkg/apis/serverless/v1alpha2/validation_helpers.go:13.2,13.18 1 1
github.com/kyma-project/kyma/components/function-controller/pkg/apis/serverless/v1alpha2/validation_helpers.go:13.18,15.3 1 1
github.com/kyma-project/kyma/components/function-controller/pkg/apis/serverless/v1alpha2/validation_helpers.go:17.2,17.34 1 1
github.com/kyma-project/kyma/components/function-controller/pkg/apis/serverless/v1alpha2/validation_helpers.go:20.60,22.34 2 1
github.com/kyma-project/kyma/components/function-controller/pkg/apis/serverless/v1alpha2/validation_helpers.go:22.34,23.42 1 1
github.com/kyma-project/kyma/components/function-controller/pkg/apis/serverless/v1alpha2/validation_helpers.go:23.42,24.12 1 1
github.com/kyma-project/kyma/components/function-controller/pkg/apis/serverless/v1alpha2/validation_helpers.go:26.3,26.70 1 1
github.com/kyma-project/kyma/components/function-controller/pkg/apis/serverless/v1alpha2/validation_helpers.go:29.2,29.58 1 1
github.com/kyma-project/kyma/components/function-controller/pkg/apis/serverless/v1alpha2/zz_generated.deepcopy.go:14.69,17.2 2 0
github.com/kyma-project/kyma/components/function-controller/pkg/apis/serverless/v1alpha2/zz_generated.deepcopy.go:20.62,21.15 1 0
github.com/kyma-project/kyma/components/function-controller/pkg/apis/serverless/v1alpha2/zz_generated.deepcopy.go:21.15,23.3 1 0
github.com/kyma-project/kyma/components/function-controller/pkg/apis/serverless/v1alpha2/zz_generated.deepcopy.go:24.2,26.12 3 0
github.com/kyma-project/kyma/components/function-controller/pkg/apis/serverless/v1alpha2/zz_generated.deepcopy.go:30.87,32.23 2 0
github.com/kyma-project/kyma/components/function-controller/pkg/apis/serverless/v1alpha2/zz_generated.deepcopy.go:32.23,35.29 3 0
github.com/kyma-project/kyma/components/function-controller/pkg/apis/serverless/v1alpha2/zz_generated.deepcopy.go:35.29,37.4 1 0
github.com/kyma-project/kyma/components/function-controller/pkg/apis/serverless/v1alpha2/zz_generated.deepcopy.go:42.80,43.15 1 0
github.com/kyma-project/kyma/components/function-controller/pkg/apis/serverless/v1alpha2/zz_generated.deepcopy.go:43.15,45.3 1 0
github.com/kyma-project/kyma/components/function-controller/pkg/apis/serverless/v1alpha2/zz_generated.deepcopy.go:46.2,48.12 3 0
github.com/kyma-project/kyma/components/function-controller/pkg/apis/serverless/v1alpha2/zz_generated.deepcopy.go:52.51,55.2 2 0
github.com/kyma-project/kyma/components/function-controller/pkg/apis/serverless/v1alpha2/zz_generated.deepcopy.go:58.44,59.15 1 0
github.com/kyma-project/kyma/components/function-controller/pkg/apis/serverless/v1alpha2/zz_generated.deepcopy.go:59.15,61.3 1 0
github.com/kyma-project/kyma/components/function-controller/pkg/apis/serverless/v1alpha2/zz_generated.deepcopy.go:62.2,64.12 3 0
github.com/kyma-project/kyma/components/function-controller/pkg/apis/serverless/v1alpha2/zz_generated.deepcopy.go:68.65,72.2 3 0
github.com/kyma-project/kyma/components/function-controller/pkg/apis/serverless/v1alpha2/zz_generated.deepcopy.go:75.58,76.15 1 0
github.com/kyma-project/kyma/components/function-controller/pkg/apis/serverless/v1alpha2/zz_generated.deepcopy.go:76.15,78.3 1 0
github.com/kyma-project/kyma/components/function-controller/pkg/apis/serverless/v1alpha2/zz_generated.deepcopy.go:79.2,81.12 3 0
github.com/kyma-project/kyma/components/function-controller/pkg/apis/serverless/v1alpha2/zz_generated.deepcopy.go:85.49,91.2 5 0
github.com/kyma-project/kyma/components/function-controller/pkg/apis/serverless/v1alpha2/zz_generated.deepcopy.go:94.42,95.15 1 0
github.com/kyma-project/kyma/components/function-controller/pkg/apis/serverless/v1alpha2/zz_generated.deepcopy.go:95.15,97.3 1 0
github.com/kyma-project/kyma/components/function-controller/pkg/apis/serverless/v1alpha2/zz_generated.deepcopy.go:98.2,100.12 3 0
github.com/kyma-project/kyma/components/function-controller/pkg/apis/serverless/v1alpha2/zz_generated.deepcopy.go:104.53,105.34 1 0
github.com/kyma-project/kyma/components/function-controller/pkg/apis/serverless/v1alpha2/zz_generated.deepcopy.go:105.34,107.3 1 0
github.com/kyma-project/kyma/components/function-controller/pkg/apis/serverless/v1alpha2/zz_generated.deepcopy.go:108.2,108.12 1 0
github.com/kyma-project/kyma/components/function-controller/pkg/apis/serverless/v1alpha2/zz_generated.deepcopy.go:112.69,116.2 3 0
github.com/kyma-project/kyma/components/function-controller/pkg/apis/serverless/v1alpha2/zz_generated.deepcopy.go:119.62,120.15 1 0
github.com/kyma-project/kyma/components/function-controller/pkg/apis/serverless/v1alpha2/zz_generated.deepcopy.go:120.15,122.3 1 0
github.com/kyma-project/kyma/components/function-controller/pkg/apis/serverless/v1alpha2/zz_generated.deepcopy.go:123.2,125.12 3 0
github.com/kyma-project/kyma/components/function-controller/pkg/apis/serverless/v1alpha2/zz_generated.deepcopy.go:129.57,133.21 4 0
github.com/kyma-project/kyma/components/function-controller/pkg/apis/serverless/v1alpha2/zz_generated.deepcopy.go:133.21,136.22 3 0
github.com/kyma-project/kyma/components/function-controller/pkg/apis/serverless/v1alpha2/zz_generated.deepcopy.go:136.22,138.4 1 0
github.com/kyma-project/kyma/components/function-controller/pkg/apis/serverless/v1alpha2/zz_generated.deepcopy.go:143.50,144.15 1 0
github.com/kyma-project/kyma/components/function-controller/pkg/apis/serverless/v1alpha2/zz_generated.deepcopy.go:144.15,146.3 1 0
github.com/kyma-project/kyma/components/function-controller/pkg/apis/serverless/v1alpha2/zz_generated.deepcopy.go:147.2,149.12 3 0
github.com/kyma-project/kyma/components/function-controller/pkg/apis/serverless/v1alpha2/zz_generated.deepcopy.go:153.57,154.34 1 0
github.com/kyma-project/kyma/components/function-controller/pkg/apis/serverless/v1alpha2/zz_generated.deepcopy.go:154.34,156.3 1 0
github.com/kyma-project/kyma/components/function-controller/pkg/apis/serverless/v1alpha2/zz_generated.deepcopy.go:157.2,157.12 1 0
github.com/kyma-project/kyma/components/function-controller/pkg/apis/serverless/v1alpha2/zz_generated.deepcopy.go:161.85,163.23 2 0
github.com/kyma-project/kyma/components/function-controller/pkg/apis/serverless/v1alpha2/zz_generated.deepcopy.go:163.23,166.29 3 0
github.com/kyma-project/kyma/components/function-controller/pkg/apis/serverless/v1alpha2/zz_generated.deepcopy.go:166.29,168.4 1 0
github.com/kyma-project/kyma/components/function-controller/pkg/apis/serverless/v1alpha2/zz_generated.deepcopy.go:173.78,174.15 1 0
github.com/kyma-project/kyma/components/function-controller/pkg/apis/serverless/v1alpha2/zz_generated.deepcopy.go:174.15,176.3 1 0
github.com/kyma-project/kyma/components/function-controller/pkg/apis/serverless/v1alpha2/zz_generated.deepcopy.go:177.2,179.12 3 0
github.com/kyma-project/kyma/components/function-controller/pkg/apis/serverless/v1alpha2/zz_generated.deepcopy.go:183.87,185.23 2 0
github.com/kyma-project/kyma/components/function-controller/pkg/apis/serverless/v1alpha2/zz_generated.deepcopy.go:185.23,188.29 3 0
github.com/kyma-project/kyma/components/function-controller/pkg/apis/serverless/v1alpha2/zz_generated.deepcopy.go:188.29,190.4 1 0
github.com/kyma-project/kyma/components/function-controller/pkg/apis/serverless/v1alpha2/zz_generated.deepcopy.go:192.2,192.30 1 0
github.com/kyma-project/kyma/components/function-controller/pkg/apis/serverless/v1alpha2/zz_generated.deepcopy.go:192.30,195.29 3 0
github.com/kyma-project/kyma/components/function-controller/pkg/apis/serverless/v1alpha2/zz_generated.deepcopy.go:195.29,197.4 1 0
github.com/kyma-project/kyma/components/function-controller/pkg/apis/serverless/v1alpha2/zz_generated.deepcopy.go:202.80,203.15 1 0
github.com/kyma-project/kyma/components/function-controller/pkg/apis/serverless/v1alpha2/zz_generated.deepcopy.go:203.15,205.3 1 0
github.com/kyma-project/kyma/components/function-controller/pkg/apis/serverless/v1alpha2/zz_generated.deepcopy.go:206.2,208.12 3 0
github.com/kyma-project/kyma/components/function-controller/pkg/apis/serverless/v1alpha2/zz_generated.deepcopy.go:212.57,215.19 3 0
github.com/kyma-project/kyma/components/function-controller/pkg/apis/serverless/v1alpha2/zz_generated.deepcopy.go:215.19,218.22 3 0
github.com/kyma-project/kyma/components/function-controller/pkg/apis/serverless/v1alpha2/zz_generated.deepcopy.go:218.22,220.4 1 0
github.com/kyma-project/kyma/components/function-controller/pkg/apis/serverless/v1alpha2/zz_generated.deepcopy.go:222.2,222.37 1 0
github.com/kyma-project/kyma/components/function-controller/pkg/apis/serverless/v1alpha2/zz_generated.deepcopy.go:222.37,226.3 3 0
github.com/kyma-project/kyma/components/function-controller/pkg/apis/serverless/v1alpha2/zz_generated.deepcopy.go:227.2,227.27 1 0
github.com/kyma-project/kyma/components/function-controller/pkg/apis/serverless/v1alpha2/zz_generated.deepcopy.go:227.27,231.3 3 0
github.com/kyma-project/kyma/components/function-controller/pkg/apis/serverless/v1alpha2/zz_generated.deepcopy.go:232.2,232.24 1 0
github.com/kyma-project/kyma/components/function-controller/pkg/apis/serverless/v1alpha2/zz_generated.deepcopy.go:232.24,236.3 3 0
github.com/kyma-project/kyma/components/function-controller/pkg/apis/serverless/v1alpha2/zz_generated.deepcopy.go:237.2,237.24 1 0
github.com/kyma-project/kyma/components/function-controller/pkg/apis/serverless/v1alpha2/zz_generated.deepcopy.go:237.24,241.3 3 0
github.com/kyma-project/kyma/components/function-controller/pkg/apis/serverless/v1alpha2/zz_generated.deepcopy.go:242.2,242.28 1 0
github.com/kyma-project/kyma/components/function-controller/pkg/apis/serverless/v1alpha2/zz_generated.deepcopy.go:242.28,246.3 3 0
github.com/kyma-project/kyma/components/function-controller/pkg/apis/serverless/v1alpha2/zz_generated.deepcopy.go:247.2,247.22 1 0
github.com/kyma-project/kyma/components/function-controller/pkg/apis/serverless/v1alpha2/zz_generated.deepcopy.go:247.22,250.29 3 0
github.com/kyma-project/kyma/components/function-controller/pkg/apis/serverless/v1alpha2/zz_generated.deepcopy.go:250.29,252.4 1 0
github.com/kyma-project/kyma/components/function-controller/pkg/apis/serverless/v1alpha2/zz_generated.deepcopy.go:254.2,254.27 1 0
github.com/kyma-project/kyma/components/function-controller/pkg/apis/serverless/v1alpha2/zz_generated.deepcopy.go:254.27,257.29 3 0
github.com/kyma-project/kyma/components/function-controller/pkg/apis/serverless/v1alpha2/zz_generated.deepcopy.go:257.29,259.4 1 0
github.com/kyma-project/kyma/components/function-controller/pkg/apis/serverless/v1alpha2/zz_generated.deepcopy.go:264.50,265.15 1 0
github.com/kyma-project/kyma/components/function-controller/pkg/apis/serverless/v1alpha2/zz_generated.deepcopy.go:265.15,267.3 1 0
github.com/kyma-project/kyma/components/function-controller/pkg/apis/serverless/v1alpha2/zz_generated.deepcopy.go:268.2,270.12 3 0
github.com/kyma-project/kyma/components/function-controller/pkg/apis/serverless/v1alpha2/zz_generated.deepcopy.go:274.61,276.26 2 0
github.com/kyma-project/kyma/components/function-controller/pkg/apis/serverless/v1alpha2/zz_generated.deepcopy.go:276.26,279.22 3 0
github.com/kyma-project/kyma/components/function-controller/pkg/apis/serverless/v1alpha2/zz_generated.deepcopy.go:279.22,281.4 1 0
github.com/kyma-project/kyma/components/function-controller/pkg/apis/serverless/v1alpha2/zz_generated.deepcopy.go:283.2,283.32 1 0
github.com/kyma-project/kyma/components/function-controller/pkg/apis/serverless/v1alpha2/zz_generated.deepcopy.go:287.54,288.15 1 0
github.com/kyma-project/kyma/components/function-controller/pkg/apis/serverless/v1alpha2/zz_generated.deepcopy.go:288.15,290.3 1 0
github.com/kyma-project/kyma/components/function-controller/pkg/apis/serverless/v1alpha2/zz_generated.deepcopy.go:291.2,293.12 3 0
github.com/kyma-project/kyma/components/function-controller/pkg/apis/serverless/v1alpha2/zz_generated.deepcopy.go:297.71,299.20 2 0
github.com/kyma-project/kyma/components/function-controller/pkg/apis/serverless/v1alpha2/zz_generated.deepcopy.go:299.20,303.3 3 0
github.com/kyma-project/kyma/components/function-controller/pkg/apis/serverless/v1alpha2/zz_generated.deepcopy.go:304.2,304.32 1 0
github.com/kyma-project/kyma/components/function-controller/pkg/apis/serverless/v1alpha2/zz_generated.deepcopy.go:308.64,309.15 1 0
github.com/kyma-project/kyma/components/function-controller/pkg/apis/serverless/v1alpha2/zz_generated.deepcopy.go:309.15,311.3 1 0
github.com/kyma-project/kyma/components/function-controller/pkg/apis/serverless/v1alpha2/zz_generated.deepcopy.go:312.2,314.12 3 0
github.com/kyma-project/kyma/components/function-controller/pkg/apis/serverless/v1alpha2/zz_generated.deepcopy.go:318.57,320.2 1 0
github.com/kyma-project/kyma/components/function-controller/pkg/apis/serverless/v1alpha2/zz_generated.deepcopy.go:323.50,324.15 1 0
github.com/kyma-project/kyma/components/function-controller/pkg/apis/serverless/v1alpha2/zz_generated.deepcopy.go:324.15,326.3 1 0
[...]
github.com/kyma-project/kyma/components/function-controller/internal/controllers/serverless/system_state.go:329.68,336.2 1 1
github.com/kyma-project/kyma/components/function-controller/internal/controllers/serverless/system_state.go:338.79,342.64 2 1
github.com/kyma-project/kyma/components/function-controller/internal/controllers/serverless/system_state.go:342.64,344.3 1 0
github.com/kyma-project/kyma/components/function-controller/internal/controllers/serverless/system_state.go:345.2,345.29 1 1
github.com/kyma-project/kyma/components/function-controller/internal/controllers/serverless/system_state.go:348.53,350.79 2 1
github.com/kyma-project/kyma/components/function-controller/internal/controllers/serverless/system_state.go:350.79,352.3 1 1
github.com/kyma-project/kyma/components/function-controller/internal/controllers/serverless/system_state.go:353.2,353.35 1 1
github.com/kyma-project/kyma/components/function-controller/internal/controllers/serverless/system_state.go:353.35,355.3 1 1
github.com/kyma-project/kyma/components/function-controller/internal/controllers/serverless/system_state.go:356.2,356.15 1 1
github.com/kyma-project/kyma/components/function-controller/internal/controllers/serverless/system_state.go:359.62,363.2 1 1
github.com/kyma-project/kyma/components/function-controller/internal/controllers/serverless/system_state.go:365.58,367.40 2 1
github.com/kyma-project/kyma/components/function-controller/internal/controllers/serverless/system_state.go:367.40,369.3 1 1
github.com/kyma-project/kyma/components/function-controller/internal/controllers/serverless/system_state.go:370.2,371.15 2 1
github.com/kyma-project/kyma/components/function-controller/internal/controllers/serverless/system_state.go:374.72,376.27 2 1
github.com/kyma-project/kyma/components/function-controller/internal/controllers/serverless/system_state.go:376.27,378.3 1 1
github.com/kyma-project/kyma/components/function-controller/internal/controllers/serverless/system_state.go:379.2,383.4 3 1
github.com/kyma-project/kyma/components/function-controller/internal/controllers/serverless/system_state.go:383.4,384.50 1 1
github.com/kyma-project/kyma/components/function-controller/internal/controllers/serverless/system_state.go:384.50,386.4 1 1
github.com/kyma-project/kyma/components/function-controller/internal/controllers/serverless/system_state.go:388.2,388.37 1 1
github.com/kyma-project/kyma/components/function-controller/internal/controllers/serverless/system_state.go:399.82,524.2 15 1
github.com/kyma-project/kyma/components/function-controller/internal/controllers/serverless/system_state.go:526.143,529.43 3 1
github.com/kyma-project/kyma/components/function-controller/internal/controllers/serverless/system_state.go:529.43,550.3 5 1
github.com/kyma-project/kyma/components/function-controller/internal/controllers/serverless/system_state.go:551.2,551.30 1 1
github.com/kyma-project/kyma/components/function-controller/internal/controllers/serverless/system_state.go:554.60,555.37 1 1
github.com/kyma-project/kyma/components/function-controller/internal/controllers/serverless/system_state.go:555.37,557.3 1 1
github.com/kyma-project/kyma/components/function-controller/internal/controllers/serverless/system_state.go:558.2,558.20 1 1
github.com/kyma-project/kyma/components/function-controller/internal/controllers/serverless/system_state.go:561.132,562.69 1 1
github.com/kyma-project/kyma/components/function-controller/internal/controllers/serverless/system_state.go:562.69,563.38 1 1
github.com/kyma-project/kyma/components/function-controller/internal/controllers/serverless/system_state.go:563.38,566.4 1 1
github.com/kyma-project/kyma/components/function-controller/internal/controllers/serverless/system_state.go:568.2,568.14 1 1
github.com/kyma-project/kyma/components/function-controller/internal/controllers/serverless/system_state.go:571.48,574.2 1 1
github.com/kyma-project/kyma/components/function-controller/internal/controllers/serverless/system_state.go:576.133,577.69 1 1
github.com/kyma-project/kyma/components/function-controller/internal/controllers/serverless/system_state.go:577.69,578.38 1 1
github.com/kyma-project/kyma/components/function-controller/internal/controllers/serverless/system_state.go:578.38,581.4 1 0
github.com/kyma-project/kyma/components/function-controller/internal/controllers/serverless/system_state.go:583.2,583.14 1 1
github.com/kyma-project/kyma/components/function-controller/internal/controllers/serverless/system_state.go:586.107,587.69 1 1
github.com/kyma-project/kyma/components/function-controller/internal/controllers/serverless/system_state.go:587.69,588.38 1 1
github.com/kyma-project/kyma/components/function-controller/internal/controllers/serverless/system_state.go:588.38,590.4 1 1
github.com/kyma-project/kyma/components/function-controller/internal/controllers/serverless/system_state.go:592.2,592.14 1 1
github.com/kyma-project/kyma/components/function-controller/internal/controllers/serverless/system_state.go:595.53,612.2 1 1
github.com/kyma-project/kyma/components/function-controller/internal/controllers/serverless/system_state.go:614.67,616.2 1 1
github.com/kyma-project/kyma/components/function-controller/internal/controllers/serverless/system_state.go:618.75,619.35 1 1
github.com/kyma-project/kyma/components/function-controller/internal/controllers/serverless/system_state.go:619.35,621.3 1 1
github.com/kyma-project/kyma/components/function-controller/internal/controllers/serverless/system_state.go:623.2,630.35 4 1
github.com/kyma-project/kyma/components/function-controller/internal/controllers/serverless/system_state.go:633.56,636.40 3 1
github.com/kyma-project/kyma/components/function-controller/internal/controllers/serverless/system_state.go:636.40,638.3 1 0
github.com/kyma-project/kyma/components/function-controller/internal/controllers/serverless/system_state.go:639.2,640.78 2 1
github.com/kyma-project/kyma/components/function-controller/internal/controllers/serverless/system_state.go:640.78,642.3 1 1
github.com/kyma-project/kyma/components/function-controller/internal/controllers/serverless/system_state.go:644.2,644.80 1 1
github.com/kyma-project/kyma/components/function-controller/internal/controllers/serverless/system_state.go:644.80,646.3 1 1
github.com/kyma-project/kyma/components/function-controller/internal/controllers/serverless/system_state.go:646.8,648.3 1 1
github.com/kyma-project/kyma/components/function-controller/internal/controllers/serverless/system_state.go:649.2,649.17 1 1
github.com/kyma-project/kyma/components/function-controller/internal/controllers/serverless/system_state.go:652.128,671.2 2 1
github.com/kyma-project/kyma/components/function-controller/internal/controllers/serverless/system_state.go:673.106,680.2 2 1
github.com/kyma-project/kyma/components/function-controller/internal/controllers/serverless/system_state.go:682.59,690.2 1 1
github.com/kyma-project/kyma/components/function-controller/internal/controllers/serverless/system_state.go:692.66,693.28 1 1
github.com/kyma-project/kyma/components/function-controller/internal/controllers/serverless/system_state.go:693.28,695.3 1 0
github.com/kyma-project/kyma/components/function-controller/internal/controllers/serverless/system_state.go:697.2,697.38 1 1
github.com/kyma-project/kyma/components/function-controller/internal/controllers/serverless/system_state.go:702.68,714.2 2 1
github.com/kyma-project/kyma/components/function-controller/internal/controllers/serverless/system_state.go:717.65,727.2 4 1
github.com/kyma-project/kyma/components/function-controller/internal/controllers/serverless/system_state.go:731.88,742.2 4 1
github.com/kyma-project/kyma/components/function-controller/internal/controllers/serverless/utils.go:22.139,23.39 1 1
github.com/kyma-project/kyma/components/function-controller/internal/controllers/serverless/utils.go:23.39,24.38 1 1
github.com/kyma-project/kyma/components/function-controller/internal/controllers/serverless/utils.go:24.38,26.4 1 1
github.com/kyma-project/kyma/components/function-controller/internal/controllers/serverless/utils.go:29.2,29.32 1 1
github.com/kyma-project/kyma/components/function-controller/internal/controllers/serverless/utils.go:32.136,39.35 5 1
github.com/kyma-project/kyma/components/function-controller/internal/controllers/serverless/utils.go:39.35,40.47 1 1
github.com/kyma-project/kyma/components/function-controller/internal/controllers/serverless/utils.go:40.47,43.4 2 1
github.com/kyma-project/kyma/components/function-controller/internal/controllers/serverless/utils.go:46.2,46.15 1 1
github.com/kyma-project/kyma/components/function-controller/internal/controllers/serverless/utils.go:49.78,50.36 1 1
github.com/kyma-project/kyma/components/function-controller/internal/controllers/serverless/utils.go:50.36,52.3 1 1
github.com/kyma-project/kyma/components/function-controller/internal/controllers/serverless/utils.go:54.2,55.33 2 1
github.com/kyma-project/kyma/components/function-controller/internal/controllers/serverless/utils.go:55.33,57.3 1 1
github.com/kyma-project/kyma/components/function-controller/internal/controllers/serverless/utils.go:59.2,59.45 1 1
github.com/kyma-project/kyma/components/function-controller/internal/controllers/serverless/utils.go:59.45,61.51 2 1
github.com/kyma-project/kyma/components/function-controller/internal/controllers/serverless/utils.go:61.51,63.4 1 1
github.com/kyma-project/kyma/components/function-controller/internal/controllers/serverless/utils.go:65.2,65.13 1 1
github.com/kyma-project/kyma/components/function-controller/internal/controllers/serverless/utils.go:68.105,69.16 1 0
github.com/kyma-project/kyma/components/function-controller/internal/controllers/serverless/utils.go:69.16,71.3 1 0
github.com/kyma-project/kyma/components/function-controller/internal/controllers/serverless/utils.go:72.2,75.39 2 0
github.com/kyma-project/kyma/components/function-controller/internal/controllers/serverless/utils.go:78.78,79.57 1 1
github.com/kyma-project/kyma/components/function-controller/internal/controllers/serverless/utils.go:79.57,81.3 1 1
github.com/kyma-project/kyma/components/function-controller/internal/controllers/serverless/utils.go:83.2,85.33 1 1
github.com/kyma-project/kyma/components/function-controller/internal/controllers/serverless/utils.go:85.33,87.3 1 0
github.com/kyma-project/kyma/components/function-controller/internal/controllers/serverless/utils.go:88.2,88.13 1 1
github.com/kyma-project/kyma/components/function-controller/internal/controllers/serverless/utils.go:91.65,100.2 5 1
github.com/kyma-project/kyma/components/function-controller/internal/controllers/serverless/utils.go:102.47,103.28 1 1
github.com/kyma-project/kyma/components/function-controller/internal/controllers/serverless/utils.go:103.28,104.35 1 1
github.com/kyma-project/kyma/components/function-controller/internal/controllers/serverless/utils.go:104.35,106.4 1 1
github.com/kyma-project/kyma/components/function-controller/internal/controllers/serverless/utils.go:108.2,108.11 1 1
github.com/kyma-project/kyma/components/function-controller/internal/controllers/serverless/utils.go:111.98,112.13 1 1
github.com/kyma-project/kyma/components/function-controller/internal/controllers/serverless/utils.go:113.64,121.4 1 1
github.com/kyma-project/kyma/components/function-controller/internal/controllers/serverless/utils.go:122.35,129.4 1 1
github.com/kyma-project/kyma/components/function-controller/internal/controllers/serverless/utils.go:131.2,131.12 1 0
github.com/kyma-project/kyma/components/function-controller/internal/controllers/serverless/utils.go:134.40,136.2 1 1
github.com/kyma-project/kyma/components/function-controller/internal/controllers/serverless/utils.go:138.37,140.2 1 1
github.com/kyma-project/kyma/components/function-controller/internal/controllers/serverless/utils.go:142.77,146.28 2 1
github.com/kyma-project/kyma/components/function-controller/internal/controllers/serverless/utils.go:146.28,147.32 1 1
github.com/kyma-project/kyma/components/function-controller/internal/controllers/serverless/utils.go:147.32,148.13 1 1
github.com/kyma-project/kyma/components/function-controller/internal/controllers/serverless/utils.go:148.13,149.34 1 1
github.com/kyma-project/kyma/components/function-controller/internal/controllers/serverless/utils.go:152.3,152.8 1 1
github.com/kyma-project/kyma/components/function-controller/internal/controllers/serverless/utils.go:155.2,155.12 1 1
github.com/kyma-project/kyma/components/function-controller/internal/controllers/serverless/utils.go:158.130,168.2 1 1
github.com/kyma-project/kyma/components/function-controller/internal/controllers/serverless/utils.go:170.57,171.36 1 1
github.com/kyma-project/kyma/components/function-controller/internal/controllers/serverless/utils.go:171.36,173.3 1 1
github.com/kyma-project/kyma/components/function-controller/internal/controllers/serverless/utils.go:174.2,174.35 1 1
github.com/kyma-project/kyma/components/function-controller/internal/controllers/serverless/utils.go:174.35,177.141 2 1
github.com/kyma-project/kyma/components/function-controller/internal/controllers/serverless/utils.go:177.141,179.4 1 1
github.com/kyma-project/kyma/components/function-controller/internal/controllers/serverless/utils.go:182.2,182.13 1 1
github.com/kyma-project/kyma/components/function-controller/internal/controllers/serverless/utils.go:185.59,186.36 1 1
github.com/kyma-project/kyma/components/function-controller/internal/controllers/serverless/utils.go:186.36,188.3 1 1
github.com/kyma-project/kyma/components/function-controller/internal/controllers/serverless/utils.go:190.2,190.35 1 1
github.com/kyma-project/kyma/components/function-controller/internal/controllers/serverless/utils.go:190.35,191.48 1 1
github.com/kyma-project/kyma/components/function-controller/internal/controllers/serverless/utils.go:191.48,193.4 1 1
github.com/kyma-project/kyma/components/function-controller/internal/controllers/serverless/utils.go:196.2,196.13 1 1
github.com/kyma-project/kyma/components/function-controller/internal/controllers/serverless/utils.go:200.84,211.2 1 1
github.com/kyma-project/kyma/components/function-controller/internal/controllers/serverless/utils.go:213.75,220.2 1 1
github.com/kyma-project/kyma/components/function-controller/internal/controllers/serverless/utils.go:222.63,224.25 2 1
github.com/kyma-project/kyma/components/function-controller/internal/controllers/serverless/utils.go:224.25,226.3 1 1
github.com/kyma-project/kyma/components/function-controller/internal/controllers/serverless/utils.go:227.2,227.15 1 1
github.com/kyma-project/kyma/components/function-controller/internal/controllers/serverless/utils.go:230.74,235.2 1 1
github.com/kyma-project/kyma/components/function-controller/internal/controllers/serverless/utils.go:237.58,238.35 1 1
github.com/kyma-project/kyma/components/function-controller/internal/controllers/serverless/utils.go:238.35,240.3 1 1
github.com/kyma-project/kyma/components/function-controller/internal/controllers/serverless/utils.go:241.2,241.72 1 1
github.com/kyma-project/kyma/components/function-controller/internal/controllers/serverless/utils.go:241.72,243.3 1 1
github.com/kyma-project/kyma/components/function-controller/internal/controllers/serverless/utils.go:245.2,245.26 1 1
github.com/kyma-project/kyma/components/function-controller/internal/controllers/serverless/utils.go:248.64,251.71 3 1
github.com/kyma-project/kyma/components/function-controller/internal/controllers/serverless/utils.go:251.71,253.3 1 1
github.com/kyma-project/kyma/components/function-controller/internal/controllers/serverless/utils.go:255.2,257.82 3 1
github.com/kyma-project/kyma/components/function-controller/internal/controllers/serverless/utils.go:262.54,262.71 1 1
github.com/kyma-project/kyma/components/function-controller/internal/controllers/serverless/utils.go:263.54,263.86 1 1
github.com/kyma-project/kyma/components/function-controller/internal/controllers/serverless/utils.go:264.54,264.81 1 1
github.com/kyma-project/kyma/components/function-controller/internal/controllers/serverless/utils.go:266.91,270.2 3 1
github.com/kyma-project/kyma/components/function-controller/internal/controllers/serverless/utils.go:274.49,274.66 1 1
github.com/kyma-project/kyma/components/function-controller/internal/controllers/serverless/utils.go:275.49,275.81 1 1
github.com/kyma-project/kyma/components/function-controller/internal/controllers/serverless/utils.go:276.49,276.76 1 1
github.com/kyma-project/kyma/components/function-controller/internal/controllers/serverless/utils.go:278.82,282.2 3 1
github.com/kyma-project/kyma/components/function-controller/internal/controllers/serverless/utils.go:284.109,287.31 3 1
github.com/kyma-project/kyma/components/function-controller/internal/controllers/serverless/utils.go:287.31,288.50 1 1
github.com/kyma-project/kyma/components/function-controller/internal/controllers/serverless/utils.go:288.50,290.4 1 1
github.com/kyma-project/kyma/components/function-controller/internal/controllers/serverless/utils.go:292.2,292.26 1 1
github.com/kyma-project/kyma/components/function-controller/internal/controllers/serverless/utils.go:295.50,296.25 1 1
github.com/kyma-project/kyma/components/function-controller/internal/controllers/serverless/utils.go:296.25,297.13 1 1
github.com/kyma-project/kyma/components/function-controller/internal/controllers/serverless/utils.go:297.13,299.4 1 1
github.com/kyma-project/kyma/components/function-controller/internal/controllers/serverless/utils.go:301.2,301.14 1 1
github.com/kyma-project/kyma/components/function-controller/internal/controllers/serverless/utils.go:304.55,306.33 2 1
github.com/kyma-project/kyma/components/function-controller/internal/controllers/serverless/utils.go:306.33,308.3 1 1
github.com/kyma-project/kyma/components/function-controller/internal/controllers/serverless/utils.go:309.2,309.14 1 1
github.com/kyma-project/kyma/components/function-controller/internal/controllers/serverless/utils.go:312.71,314.33 2 1
github.com/kyma-project/kyma/components/function-controller/internal/controllers/serverless/utils.go:314.33,315.27 1 1
github.com/kyma-project/kyma/components/function-controller/internal/controllers/serverless/utils.go:315.27,317.4 1 1
github.com/kyma-project/kyma/components/function-controller/internal/controllers/serverless/utils.go:319.2,319.22 1 1
github.com/kyma-project/kyma/components/function-controller/internal/controllers/serverless/utils.go:322.67,323.38 1 1
github.com/kyma-project/kyma/components/function-controller/internal/controllers/serverless/utils.go:323.38,325.3 1 1
github.com/kyma-project/kyma/components/function-controller/internal/controllers/serverless/utils.go:326.2,326.105 1 1
github.com/kyma-project/kyma/components/function-controller/internal/controllers/serverless/utils.go:329.151,330.39 1 1
github.com/kyma-project/kyma/components/function-controller/internal/controllers/serverless/utils.go:330.39,331.38 1 1
github.com/kyma-project/kyma/components/function-controller/internal/controllers/serverless/utils.go:331.38,333.4 1 1
github.com/kyma-project/kyma/components/function-controller/internal/controllers/serverless/utils.go:336.2,336.11 1 1
github.com/kyma-project/kyma/components/function-controller/internal/controllers/serverless/utils.go:339.76,347.2 2 1
github.com/kyma-project/kyma/components/function-controller/internal/controllers/serverless/utils.go:349.73,358.2 3 1
github.com/kyma-project/kyma/components/function-controller/internal/controllers/serverless/utils.go:360.66,361.50 1 1
github.com/kyma-project/kyma/components/function-controller/internal/controllers/serverless/utils.go:361.50,365.35 3 0
github.com/kyma-project/kyma/components/function-controller/internal/controllers/serverless/utils.go:365.35,367.4 1 0
github.com/kyma-project/kyma/components/function-controller/internal/controllers/serverless/utils.go:370.2,370.14 1 1
